[07.09.14 21:30:25] bosses BaylorManager : State of Baylor is NOTSPAWN.
[07.09.14 21:30:25] bosses BaylorManager : Next spawn date of Baylor is Thu Jan 01 03:00:00 MSK 1970.
[07.09.14 21:30:25] bosses BaylorManager : Init BaylorManager.
[07.09.14 22:13:21] bosses BaylorManager : State of Baylor is NOTSPAWN.
[07.09.14 22:13:21] bosses BaylorManager : Next spawn date of Baylor is Thu Jan 01 03:00:00 MSK 1970.
[07.09.14 22:13:21] bosses BaylorManager : Init BaylorManager.
[07.09.14 22:25:30] bosses BaylorManager : State of Baylor is NOTSPAWN.
[07.09.14 22:25:30] bosses BaylorManager : Next spawn date of Baylor is Thu Jan 01 03:00:00 MSK 1970.
[07.09.14 22:25:30] bosses BaylorManager : Init BaylorManager.
[07.09.14 22:41:13] bosses BaylorManager : State of Baylor is NOTSPAWN.
[07.09.14 22:41:13] bosses BaylorManager : Next spawn date of Baylor is Thu Jan 01 03:00:00 MSK 1970.
[07.09.14 22:41:13] bosses BaylorManager : Init BaylorManager.
[07.09.14 22:47:19] bosses BaylorManager : State of Baylor is NOTSPAWN.
[07.09.14 22:47:19] bosses BaylorManager : Next spawn date of Baylor is Thu Jan 01 03:00:00 MSK 1970.
[07.09.14 22:47:19] bosses BaylorManager : Init BaylorManager.
[07.09.14 23:06:40] bosses BaylorManager : State of Baylor is NOTSPAWN.
[07.09.14 23:06:40] bosses BaylorManager : Next spawn date of Baylor is Thu Jan 01 03:00:00 MSK 1970.
[07.09.14 23:06:40] bosses BaylorManager : Init BaylorManager.
[07.09.14 23:15:42] bosses BaylorManager : State of Baylor is NOTSPAWN.
[07.09.14 23:15:42] bosses BaylorManager : Next spawn date of Baylor is Thu Jan 01 03:00:00 MSK 1970.
[07.09.14 23:15:42] bosses BaylorManager : Init BaylorManager.
[07.09.14 23:40:01] bosses BaylorManager : State of Baylor is NOTSPAWN.
[07.09.14 23:40:01] bosses BaylorManager : Next spawn date of Baylor is Thu Jan 01 03:00:00 MSK 1970.
[07.09.14 23:40:01] bosses BaylorManager : Init BaylorManager.
[07.09.14 23:54:13] bosses BaylorManager : State of Baylor is NOTSPAWN.
[07.09.14 23:54:13] bosses BaylorManager : Next spawn date of Baylor is Thu Jan 01 03:00:00 MSK 1970.
[07.09.14 23:54:13] bosses BaylorManager : Init BaylorManager.
[08.09.14 00:02:17] bosses BaylorManager : State of Baylor is NOTSPAWN.
[08.09.14 00:02:17] bosses BaylorManager : Next spawn date of Baylor is Thu Jan 01 03:00:00 MSK 1970.
[08.09.14 00:02:17] bosses BaylorManager : Init BaylorManager.
[08.09.14 00:04:17] bosses BaylorManager : State of Baylor is NOTSPAWN.
[08.09.14 00:04:17] bosses BaylorManager : Next spawn date of Baylor is Thu Jan 01 03:00:00 MSK 1970.
[08.09.14 00:04:17] bosses BaylorManager : Init BaylorManager.
[08.09.14 00:04:17] bosses Baium going to sleep, spawning statue
[08.09.14 00:06:15] bosses BaylorManager : State of Baylor is NOTSPAWN.
[08.09.14 00:06:15] bosses BaylorManager : Next spawn date of Baylor is Thu Jan 01 03:00:00 MSK 1970.
[08.09.14 00:06:15] bosses BaylorManager : Init BaylorManager.
[08.09.14 00:09:53] bosses BaylorManager : State of Baylor is NOTSPAWN.
[08.09.14 00:09:53] bosses BaylorManager : Next spawn date of Baylor is Thu Jan 01 03:00:00 MSK 1970.
[08.09.14 00:09:53] bosses BaylorManager : Init BaylorManager.
[08.09.14 00:09:53] bosses Baium going to sleep, spawning statue
[08.09.14 00:11:03] bosses BaylorManager : State of Baylor is NOTSPAWN.
[08.09.14 00:11:03] bosses BaylorManager : Next spawn date of Baylor is Thu Jan 01 03:00:00 MSK 1970.
[08.09.14 00:11:03] bosses BaylorManager : Init BaylorManager.
[08.09.14 21:16:52] bosses BaylorManager : State of Baylor is NOTSPAWN.
[08.09.14 21:16:52] bosses BaylorManager : Next spawn date of Baylor is Thu Jan 01 03:00:00 MSK 1970.
[08.09.14 21:16:52] bosses BaylorManager : Init BaylorManager.
[08.09.14 22:00:18] bosses BaylorManager : State of Baylor is NOTSPAWN.
[08.09.14 22:00:18] bosses BaylorManager : Next spawn date of Baylor is Thu Jan 01 03:00:00 MSK 1970.
[08.09.14 22:00:18] bosses BaylorManager : Init BaylorManager.
[08.09.14 22:28:50] bosses BaylorManager : State of Baylor is NOTSPAWN.
[08.09.14 22:28:50] bosses BaylorManager : Next spawn date of Baylor is Thu Jan 01 03:00:00 MSK 1970.
[08.09.14 22:28:50] bosses BaylorManager : Init BaylorManager.
[08.09.14 22:29:59] renames Character Alucard renamed to [DEV]KeeN by GM Alucard
[08.09.14 22:35:37] bosses BaylorManager : State of Baylor is NOTSPAWN.
[08.09.14 22:35:37] bosses BaylorManager : Next spawn date of Baylor is Thu Jan 01 03:00:00 MSK 1970.
[08.09.14 22:35:37] bosses BaylorManager : Init BaylorManager.
[08.09.14 22:45:03] bosses BaylorManager : State of Baylor is NOTSPAWN.
[08.09.14 22:45:03] bosses BaylorManager : Next spawn date of Baylor is Thu Jan 01 03:00:00 MSK 1970.
[08.09.14 22:45:03] bosses BaylorManager : Init BaylorManager.
[08.09.14 22:48:24] bosses BaylorManager : State of Baylor is NOTSPAWN.
[08.09.14 22:48:24] bosses BaylorManager : Next spawn date of Baylor is Thu Jan 01 03:00:00 MSK 1970.
[08.09.14 22:48:24] bosses BaylorManager : Init BaylorManager.
[08.09.14 22:53:22] bosses BaylorManager : State of Baylor is NOTSPAWN.
[08.09.14 22:53:22] bosses BaylorManager : Next spawn date of Baylor is Thu Jan 01 03:00:00 MSK 1970.
[08.09.14 22:53:22] bosses BaylorManager : Init BaylorManager.
[08.09.14 23:00:57] bosses BaylorManager : State of Baylor is NOTSPAWN.
[08.09.14 23:00:58] bosses BaylorManager : Next spawn date of Baylor is Thu Jan 01 03:00:00 MSK 1970.
[08.09.14 23:00:58] bosses BaylorManager : Init BaylorManager.
[08.09.14 23:05:38] bosses BaylorManager : State of Baylor is NOTSPAWN.
[08.09.14 23:05:38] bosses BaylorManager : Next spawn date of Baylor is Thu Jan 01 03:00:00 MSK 1970.
[08.09.14 23:05:38] bosses BaylorManager : Init BaylorManager.
[08.09.14 23:22:25] bosses BaylorManager : State of Baylor is NOTSPAWN.
[08.09.14 23:22:25] bosses BaylorManager : Next spawn date of Baylor is Thu Jan 01 03:00:00 MSK 1970.
[08.09.14 23:22:25] bosses BaylorManager : Init BaylorManager.
[09.09.14 21:38:04] bosses BaylorManager : State of Baylor is NOTSPAWN.
[09.09.14 21:38:04] bosses BaylorManager : Next spawn date of Baylor is Thu Jan 01 03:00:00 MSK 1970.
[09.09.14 21:38:04] bosses BaylorManager : Init BaylorManager.
[09.09.14 22:09:24] fame [DEV]KeeN|10000|10000|Admin
[10.09.14 00:01:29] bosses BaylorManager : State of Baylor is NOTSPAWN.
[10.09.14 00:01:29] bosses BaylorManager : Next spawn date of Baylor is Thu Jan 01 03:00:00 MSK 1970.
[10.09.14 00:01:29] bosses BaylorManager : Init BaylorManager.
[10.09.14 00:05:52] bosses BaylorManager : State of Baylor is NOTSPAWN.
[10.09.14 00:05:52] bosses BaylorManager : Next spawn date of Baylor is Thu Jan 01 03:00:00 MSK 1970.
[10.09.14 00:05:52] bosses BaylorManager : Init BaylorManager.
[10.09.14 00:17:32] bosses BaylorManager : State of Baylor is NOTSPAWN.
[10.09.14 00:17:32] bosses BaylorManager : Next spawn date of Baylor is Thu Jan 01 03:00:00 MSK 1970.
[10.09.14 00:17:32] bosses BaylorManager : Init BaylorManager.
[10.09.14 00:55:54] bosses BaylorManager : State of Baylor is NOTSPAWN.
[10.09.14 00:55:54] bosses BaylorManager : Next spawn date of Baylor is Thu Jan 01 03:00:00 MSK 1970.
[10.09.14 00:55:54] bosses BaylorManager : Init BaylorManager.
[10.09.14 10:44:00] bosses BaylorManager : State of Baylor is NOTSPAWN.
[10.09.14 10:44:00] bosses BaylorManager : Next spawn date of Baylor is Thu Jan 01 03:00:00 MSK 1970.
[10.09.14 10:44:00] bosses BaylorManager : Init BaylorManager.
[10.09.14 10:53:58] bosses BaylorManager : State of Baylor is NOTSPAWN.
[10.09.14 10:53:58] bosses BaylorManager : Next spawn date of Baylor is Thu Jan 01 03:00:00 MSK 1970.
[10.09.14 10:53:58] bosses BaylorManager : Init BaylorManager.
[10.09.14 12:34:17] bosses BaylorManager : State of Baylor is NOTSPAWN.
[10.09.14 12:34:17] bosses BaylorManager : Next spawn date of Baylor is Thu Jan 01 03:00:00 MSK 1970.
[10.09.14 12:34:17] bosses BaylorManager : Init BaylorManager.
[10.09.14 12:47:11] bosses BaylorManager : State of Baylor is NOTSPAWN.
[10.09.14 12:47:11] bosses BaylorManager : Next spawn date of Baylor is Thu Jan 01 03:00:00 MSK 1970.
[10.09.14 12:47:11] bosses BaylorManager : Init BaylorManager.
[10.09.14 12:47:11] bosses Baium going to sleep, spawning statue
[10.09.14 12:50:38] bosses BaylorManager : State of Baylor is NOTSPAWN.
[10.09.14 12:50:38] bosses BaylorManager : Next spawn date of Baylor is Thu Jan 01 03:00:00 MSK 1970.
[10.09.14 12:50:38] bosses BaylorManager : Init BaylorManager.
[10.09.14 13:03:53] bosses BaylorManager : State of Baylor is NOTSPAWN.
[10.09.14 13:03:53] bosses BaylorManager : Next spawn date of Baylor is Thu Jan 01 03:00:00 MSK 1970.
[10.09.14 13:03:53] bosses BaylorManager : Init BaylorManager.
[10.09.14 13:07:42] clan_reputation Lindvior|80|80|_508_TheClansReputation
[10.09.14 13:21:01] bosses BaylorManager : State of Baylor is NOTSPAWN.
[10.09.14 13:21:01] bosses BaylorManager : Next spawn date of Baylor is Thu Jan 01 03:00:00 MSK 1970.
[10.09.14 13:21:01] bosses BaylorManager : Init BaylorManager.
[10.09.14 13:21:01] bosses Baium going to sleep, spawning statue
[10.09.14 13:31:37] bosses BaylorManager : State of Baylor is NOTSPAWN.
[10.09.14 13:31:37] bosses BaylorManager : Next spawn date of Baylor is Thu Jan 01 03:00:00 MSK 1970.
[10.09.14 13:31:37] bosses BaylorManager : Init BaylorManager.
[10.09.14 13:33:51] clan_reputation Lindvior|5000|5080|_508_TheClansReputation
[10.09.14 13:50:05] bosses BaylorManager : State of Baylor is NOTSPAWN.
[10.09.14 13:50:05] bosses BaylorManager : Next spawn date of Baylor is Thu Jan 01 03:00:00 MSK 1970.
[10.09.14 13:50:05] bosses BaylorManager : Init BaylorManager.
[10.09.14 13:53:45] clan_reputation Lindvior|5000|10080|_508_TheClansReputation
[10.09.14 13:55:34] clan_reputation Lindvior|5000|15080|_508_TheClansReputation
[10.09.14 15:04:22] clan_reputation Lindvior|5000|20080|_508_TheClansReputation
[10.09.14 15:07:52] clan_reputation Lindvior|5000|25080|_508_TheClansReputation
[10.09.14 15:08:12] clan_reputation Lindvior|5000|30080|_508_TheClansReputation
[10.09.14 15:30:21] bosses BaylorManager : State of Baylor is NOTSPAWN.
[10.09.14 15:30:21] bosses BaylorManager : Next spawn date of Baylor is Thu Jan 01 03:00:00 MSK 1970.
[10.09.14 15:30:21] bosses BaylorManager : Init BaylorManager.
[10.09.14 15:31:15] bosses BaylorManager : State of Baylor is NOTSPAWN.
[10.09.14 15:31:15] bosses BaylorManager : Next spawn date of Baylor is Thu Jan 01 03:00:00 MSK 1970.
[10.09.14 15:31:15] bosses BaylorManager : Init BaylorManager.
[10.09.14 15:32:40] clan_reputation Lindvior|30000|60080|_508_TheClansReputation
[10.09.14 15:49:30] clan_reputation Lindvior|5000|65080|_508_TheClansReputation
[10.09.14 16:43:51] clan_reputation Lindvior|5000|70080|_508_TheClansReputation
[10.09.14 16:44:15] clan_reputation Lindvior|10000|80080|_508_TheClansReputation
[10.09.14 16:58:22] bosses BaylorManager : State of Baylor is NOTSPAWN.
[10.09.14 16:58:22] bosses BaylorManager : Next spawn date of Baylor is Thu Jan 01 03:00:00 MSK 1970.
[10.09.14 16:58:22] bosses BaylorManager : Init BaylorManager.
[10.09.14 17:00:07] clan_reputation Lindvior|50000|130080|_508_TheClansReputation
[10.09.14 17:05:17] clan_reputation Lindvior|50000|180080|_508_TheClansReputation
[10.09.14 17:08:08] bosses BaylorManager : State of Baylor is NOTSPAWN.
[10.09.14 17:08:08] bosses BaylorManager : Next spawn date of Baylor is Thu Jan 01 03:00:00 MSK 1970.
[10.09.14 17:08:08] bosses BaylorManager : Init BaylorManager.
[10.09.14 18:22:23] bosses BaylorManager : State of Baylor is NOTSPAWN.
[10.09.14 18:22:23] bosses BaylorManager : Next spawn date of Baylor is Thu Jan 01 03:00:00 MSK 1970.
[10.09.14 18:22:23] bosses BaylorManager : Init BaylorManager.
[10.09.14 18:22:24] bosses Baium going to sleep, spawning statue
[10.09.14 18:25:53] bosses BaylorManager : State of Baylor is NOTSPAWN.
[10.09.14 18:25:53] bosses BaylorManager : Next spawn date of Baylor is Thu Jan 01 03:00:00 MSK 1970.
[10.09.14 18:25:53] bosses BaylorManager : Init BaylorManager.
[10.09.14 19:09:10] bosses BaylorManager : State of Baylor is NOTSPAWN.
[10.09.14 19:09:10] bosses BaylorManager : Next spawn date of Baylor is Thu Jan 01 03:00:00 MSK 1970.
[10.09.14 19:09:10] bosses BaylorManager : Init BaylorManager.
[10.09.14 19:22:51] bosses BaylorManager : State of Baylor is NOTSPAWN.
[10.09.14 19:22:51] bosses BaylorManager : Next spawn date of Baylor is Thu Jan 01 03:00:00 MSK 1970.
[10.09.14 19:22:51] bosses BaylorManager : Init BaylorManager.
[10.09.14 21:46:44] bosses BaylorManager : State of Baylor is NOTSPAWN.
[10.09.14 21:46:44] bosses BaylorManager : Next spawn date of Baylor is Thu Jan 01 03:00:00 MSK 1970.
[10.09.14 21:46:44] bosses BaylorManager : Init BaylorManager.
[10.09.14 21:59:29] bosses BaylorManager : State of Baylor is NOTSPAWN.
[10.09.14 21:59:29] bosses BaylorManager : Next spawn date of Baylor is Thu Jan 01 03:00:00 MSK 1970.
[10.09.14 21:59:29] bosses BaylorManager : Init BaylorManager.
[10.09.14 22:09:34] bosses BaylorManager : State of Baylor is NOTSPAWN.
[10.09.14 22:09:34] bosses BaylorManager : Next spawn date of Baylor is Thu Jan 01 03:00:00 MSK 1970.
[10.09.14 22:09:34] bosses BaylorManager : Init BaylorManager.
[10.09.14 22:13:14] bosses BaylorManager : State of Baylor is NOTSPAWN.
[10.09.14 22:13:14] bosses BaylorManager : Next spawn date of Baylor is Thu Jan 01 03:00:00 MSK 1970.
[10.09.14 22:13:14] bosses BaylorManager : Init BaylorManager.
[11.09.14 01:05:58] bosses BaylorManager : State of Baylor is NOTSPAWN.
[11.09.14 01:05:58] bosses BaylorManager : Next spawn date of Baylor is Thu Jan 01 03:00:00 MSK 1970.
[11.09.14 01:05:58] bosses BaylorManager : Init BaylorManager.
[11.09.14 01:18:22] bosses BaylorManager : State of Baylor is NOTSPAWN.
[11.09.14 01:18:22] bosses BaylorManager : Next spawn date of Baylor is Thu Jan 01 03:00:00 MSK 1970.
[11.09.14 01:18:22] bosses BaylorManager : Init BaylorManager.
[11.09.14 10:37:44] bosses BaylorManager : State of Baylor is NOTSPAWN.
[11.09.14 10:37:44] bosses BaylorManager : Next spawn date of Baylor is Thu Jan 01 03:00:00 MSK 1970.
[11.09.14 10:37:44] bosses BaylorManager : Init BaylorManager.
[11.09.14 10:40:17] clan_reputation Lindvior|50|50|monster reward
[11.09.14 10:40:27] clan_reputation Lindvior|50|100|monster reward
[11.09.14 10:40:29] clan_reputation Lindvior|50|150|monster reward
[11.09.14 10:40:52] clan_reputation Lindvior|50|200|monster reward
[11.09.14 10:40:54] clan_reputation Lindvior|50|250|monster reward
[11.09.14 10:40:59] clan_reputation Lindvior|50|300|monster reward
[11.09.14 10:41:02] clan_reputation Lindvior|50|350|monster reward
[11.09.14 10:41:04] clan_reputation Lindvior|50|400|monster reward
[11.09.14 10:41:05] clan_reputation Lindvior|50|450|monster reward
[11.09.14 10:41:07] clan_reputation Lindvior|50|500|monster reward
[11.09.14 10:42:00] clan_reputation Lindvior|50|550|monster reward
[11.09.14 10:42:02] clan_reputation Lindvior|50|600|monster reward
[11.09.14 10:42:07] clan_reputation Lindvior|50|650|monster reward
[11.09.14 10:42:32] clan_reputation Lindvior|50|700|monster reward
[11.09.14 10:42:36] clan_reputation Lindvior|50|750|monster reward
[11.09.14 10:42:38] clan_reputation Lindvior|50|800|monster reward
[11.09.14 10:42:40] clan_reputation Lindvior|50|850|monster reward
[11.09.14 10:42:45] clan_reputation Lindvior|50|900|monster reward
[11.09.14 10:42:51] clan_reputation Lindvior|50|950|monster reward
[11.09.14 10:42:53] clan_reputation Lindvior|50|1000|monster reward
[11.09.14 10:45:13] clan_reputation Lindvior|50|1050|monster reward
[11.09.14 10:45:16] clan_reputation Lindvior|50|1100|monster reward
[11.09.14 10:45:22] clan_reputation Lindvior|50|1150|monster reward
[11.09.14 10:45:24] clan_reputation Lindvior|50|1200|monster reward
[11.09.14 10:45:25] clan_reputation Lindvior|50|1250|monster reward
[11.09.14 10:45:28] clan_reputation Lindvior|50|1300|monster reward
[11.09.14 10:45:29] clan_reputation Lindvior|50|1350|monster reward
[11.09.14 10:45:33] clan_reputation Lindvior|50|1400|monster reward
[11.09.14 10:45:42] clan_reputation Lindvior|50|1450|monster reward
[11.09.14 10:45:53] clan_reputation Lindvior|50|1500|monster reward
[11.09.14 10:46:07] clan_reputation Lindvior|50|1550|monster reward
[11.09.14 12:05:20] bosses BaylorManager : State of Baylor is NOTSPAWN.
[11.09.14 12:05:20] bosses BaylorManager : Next spawn date of Baylor is Thu Jan 01 03:00:00 MSK 1970.
[11.09.14 12:05:20] bosses BaylorManager : Init BaylorManager.
