[07.09.14 22:14:22] SUCCESS test4[268489737] -> test4[268489737] admin_heal
[07.09.14 22:14:37] SUCCESS test4[268489737] -> test4[268489737] admin_show_skills
[07.09.14 22:14:38] SUCCESS test4[268489737] -> test4[268489737] admin_give_all_skills
[07.09.14 22:23:51] SUCCESS test4[268489737] admin_server_shutdown 10
[07.09.14 22:30:29] SUCCESS test4[268489737] admin_admin
[07.09.14 22:30:35] SUCCESS test4[268489737] admin_gmshop
[07.09.14 22:30:49] SUCCESS test4[268489737] admin_show_html gmstore/quest.htm
[07.09.14 22:30:49] SUCCESS test4[268489737] admin_buy 300542
[07.09.14 22:37:47] SUCCESS test4[268489737] admin_server_shutdown
[07.09.14 22:37:50] SUCCESS test4[268489737] admin_server_shutdown 10
[07.09.14 22:47:45] SUCCESS test4[268489737] admin_admin
[07.09.14 22:47:48] SUCCESS test4[268489737] admin_gmshop
[07.09.14 22:47:58] SUCCESS test4[268489737] admin_show_html gmstore/gear/weapons.htm
[07.09.14 22:48:06] SUCCESS test4[268489737] admin_show_html gmstore/gear/weapons/Boss.htm
[07.09.14 22:48:08] SUCCESS test4[268489737] admin_show_html gmstore/gear/weapons.htm
[07.09.14 22:48:09] SUCCESS test4[268489737] admin_admin
[07.09.14 22:48:10] SUCCESS test4[268489737] admin_gmshop
[07.09.14 22:48:14] SUCCESS test4[268489737] admin_show_html gmstore/gear/weapons.htm
[07.09.14 22:48:17] SUCCESS test4[268489737] admin_gmshop
[07.09.14 22:48:21] SUCCESS test4[268489737] admin_admin
[07.09.14 22:53:10] SUCCESS test4[268489737] admin_admin
[07.09.14 22:53:12] SUCCESS test4[268489737] admin_gmshop
[07.09.14 22:53:14] SUCCESS test4[268489737] admin_server admserver.htm
[07.09.14 22:53:15] SUCCESS test4[268489737] admin_show_html reload.htm
[07.09.14 22:53:21] SUCCESS test4[268489737] admin_reload_htm
[07.09.14 22:53:44] SUCCESS test4[268489737] admin_admin
[07.09.14 22:53:46] SUCCESS test4[268489737] admin_gmshop
[07.09.14 22:55:17] SUCCESS test4[268489737] admin_admin
[07.09.14 22:55:19] SUCCESS test4[268489737] admin_gmshop
[07.09.14 22:55:22] SUCCESS test4[268489737] admin_admin
[07.09.14 22:55:22] SUCCESS test4[268489737] admin_server admserver.htm
[07.09.14 22:55:23] SUCCESS test4[268489737] admin_show_html reload.htm
[07.09.14 22:55:29] SUCCESS test4[268489737] admin_reload_htm
[07.09.14 22:55:31] SUCCESS test4[268489737] admin_admin
[07.09.14 22:55:31] SUCCESS test4[268489737] admin_gmshop
[07.09.14 22:55:46] SUCCESS test4[268489737] admin_server_shutdown
[07.09.14 22:55:49] SUCCESS test4[268489737] admin_server_shutdown 10
[07.09.14 23:07:18] SUCCESS test4[268489737] admin_admin
[07.09.14 23:07:19] SUCCESS test4[268489737] admin_gmshop
[07.09.14 23:07:44] SUCCESS test4[268489737] admin_admin
[07.09.14 23:07:46] SUCCESS test4[268489737] admin_gmshop
[07.09.14 23:10:12] SUCCESS test4[268489737] admin_admin
[07.09.14 23:10:12] SUCCESS test4[268489737] admin_server admserver.htm
[07.09.14 23:10:15] SUCCESS test4[268489737] admin_show_html reload.htm
[07.09.14 23:10:20] SUCCESS test4[268489737] admin_reload_htm
[07.09.14 23:11:28] SUCCESS test4[268489737] -> 33128 Гием admin_admin
[07.09.14 23:11:29] SUCCESS test4[268489737] -> 33128 Гием admin_gmshop
[07.09.14 23:12:34] SUCCESS test4[268489737] -> 33128 Гием admin_admin
[07.09.14 23:12:35] SUCCESS test4[268489737] -> 33128 Гием admin_server admserver.htm
[07.09.14 23:12:36] SUCCESS test4[268489737] -> 33128 Гием admin_show_html reload.htm
[07.09.14 23:12:41] SUCCESS test4[268489737] -> 33128 Гием admin_reload_htm
[07.09.14 23:12:42] SUCCESS test4[268489737] -> 33128 Гием admin_server admserver.htm
[07.09.14 23:12:43] SUCCESS test4[268489737] -> 33128 Гием admin_gmshop
[07.09.14 23:13:18] SUCCESS test4[268489737] -> 33128 Гием admin_server admserver.htm
[07.09.14 23:13:19] SUCCESS test4[268489737] -> 33128 Гием admin_show_html reload.htm
[07.09.14 23:13:24] SUCCESS test4[268489737] -> 33128 Гием admin_reload_htm
[07.09.14 23:13:25] SUCCESS test4[268489737] -> 33128 Гием admin_admin
[07.09.14 23:13:30] SUCCESS test4[268489737] -> 33128 Гием admin_gmshop
[07.09.14 23:13:33] SUCCESS test4[268489737] -> 33128 Гием admin_show_html gmstore/gear/weapons.htm
[07.09.14 23:13:35] SUCCESS test4[268489737] -> 33128 Гием admin_show_html gmstore/gear/weapons/Boss.htm
[07.09.14 23:13:37] SUCCESS test4[268489737] -> 33128 Гием admin_show_html gmstore/gear/weapons.htm
[07.09.14 23:13:39] SUCCESS test4[268489737] -> 33128 Гием admin_buy 11076
[07.09.14 23:14:43] SUCCESS test4[268489737] -> 33128 Гием admin_server_restart 10
[07.09.14 23:24:51] SUCCESS test4[268489737] admin_admin
[07.09.14 23:24:51] SUCCESS test4[268489737] admin_server admserver.htm
[07.09.14 23:24:53] SUCCESS test4[268489737] admin_show_html reload.htm
[07.09.14 23:25:04] SUCCESS test4[268489737] admin_reload_htm
[07.09.14 23:25:22] SUCCESS test4[268489737] admin_admin
[07.09.14 23:25:23] SUCCESS test4[268489737] admin_gmshop
[07.09.14 23:25:24] SUCCESS test4[268489737] admin_show_html gmstore/gear/weapons.htm
[07.09.14 23:25:26] SUCCESS test4[268489737] admin_show_html gmstore/gear/weapons/Boss.htm
[07.09.14 23:25:27] SUCCESS test4[268489737] admin_buy 11048
[07.09.14 23:25:31] SUCCESS test4[268489737] admin_admin
[07.09.14 23:25:32] SUCCESS test4[268489737] admin_gmshop
[07.09.14 23:25:33] SUCCESS test4[268489737] admin_show_html gmstore/fishing.htm
[07.09.14 23:25:34] SUCCESS test4[268489737] admin_buy 9949
[07.09.14 23:50:42] FAIL    test5[268490412] admin_setlevel 99
[07.09.14 23:50:48] FAIL    test5[268490412] -> test5[268490412] admin_setlevel
[07.09.14 23:50:54] SUCCESS test5[268490412] -> test5[268490412] admin_setlevel 99
[07.09.14 23:51:03] SUCCESS test5[268490412] -> test5[268490412] admin_admin
[07.09.14 23:51:07] SUCCESS test5[268490412] -> test5[268490412] admin_create_item 57 1
[07.09.14 23:51:08] SUCCESS test5[268490412] -> test5[268490412] admin_create_item 57 999999999999999999
[07.09.14 23:55:54] SUCCESS test5[268490412] -> test5[268490412] admin_summon 1033400 1
[07.09.14 23:56:35] SUCCESS test5[268490412] -> 33400 Powerful Bow/Crossbow Sharpshooters admin_summon 1033491 1
[07.09.14 23:56:42] SUCCESS test5[268490412] admin_delete
[07.09.14 23:56:59] SUCCESS test5[268490412] -> test5[268490412] admin_setlevel 99
[07.09.14 23:57:32] SUCCESS test5[268490412] -> test5[268490412] admin_summon 1033398 1
[07.09.14 23:58:22] SUCCESS test5[268490412] -> test5[268490412] admin_setlevel 86
[07.09.14 23:58:47] SUCCESS test5[268490412] -> test5[268490412] admin_summon 17600 1
[08.09.14 00:04:10] SUCCESS test5[268490412] -> test5[268490412] admin_admin
[08.09.14 00:04:10] SUCCESS test5[268490412] -> test5[268490412] admin_server admserver.htm
[08.09.14 00:04:11] SUCCESS test5[268490412] -> test5[268490412] admin_show_html scripts.htm
[08.09.14 00:04:18] SUCCESS test5[268490412] -> test5[268490412] admin_sreload all
[08.09.14 00:04:46] SUCCESS test5[268490412] -> test5[268490412] admin_summon 1033398 1
[08.09.14 00:07:11] SUCCESS test5[268490412] admin_summon 1033398 1
[08.09.14 00:07:43] SUCCESS test5[268490412] -> test5[268490412] admin_show_skills
[08.09.14 00:07:45] SUCCESS test5[268490412] -> test5[268490412] admin_give_all_skills
[08.09.14 00:07:51] SUCCESS test5[268490412] -> test5[268490412] admin_show_skills
[08.09.14 00:08:00] SUCCESS test5[268490412] -> test5[268490412] admin_setlevel 99
[08.09.14 00:08:12] SUCCESS test5[268490412] -> test5[268490412] admin_show_skills
[08.09.14 00:08:13] SUCCESS test5[268490412] -> test5[268490412] admin_give_all_skills
[08.09.14 00:08:48] SUCCESS test5[268490412] admin_delete
[08.09.14 00:09:37] SUCCESS test5[268490412] admin_admin
[08.09.14 00:09:38] SUCCESS test5[268490412] admin_server admserver.htm
[08.09.14 00:09:41] SUCCESS test5[268490412] admin_show_html scripts.htm
[08.09.14 00:09:53] SUCCESS test5[268490412] admin_sreload all
[08.09.14 00:10:10] SUCCESS test5[268490412] admin_server_restart 10
[08.09.14 00:18:34] SUCCESS test5[268490412] -> test5[268490412] admin_summon 36308 50
[08.09.14 00:21:32] SUCCESS test2[268489377] -> test2[268489377] admin_summon 36308 50
[08.09.14 00:25:09] SUCCESS test2[268489377] -> test2[268489377] admin_show_skills
[08.09.14 00:25:10] SUCCESS test2[268489377] -> test2[268489377] admin_give_all_skills
[08.09.14 00:26:48] SUCCESS test[268489841] -> test[268489841] admin_show_skills
[08.09.14 00:26:49] SUCCESS test[268489841] -> test[268489841] admin_give_all_skills
[08.09.14 00:27:48] SUCCESS test[268489841] -> test[268489841] admin_summon 36308 50
[08.09.14 21:25:19] SUCCESS test3[268491998] -> test3[268491998] admin_summon 1018599 1
[08.09.14 21:25:31] SUCCESS test3[268491998] -> 18599 Mansion Manager admin_summon 1018594 1
[08.09.14 21:25:37] SUCCESS test3[268491998] admin_delete
[08.09.14 21:30:02] SUCCESS test3[268491998] admin_delete
[08.09.14 21:30:48] SUCCESS test3[268491998] -> test3[268491998] admin_summon 36308 50
[08.09.14 22:02:47] SUCCESS 475637[268490247] -> 475637[268490247] admin_admin
[08.09.14 22:02:50] SUCCESS 475637[268490247] -> 475637[268490247] admin_create_item 57 1
[08.09.14 22:02:51] SUCCESS 475637[268490247] -> 475637[268490247] admin_create_item 57 999999999999999999
[08.09.14 22:03:30] SUCCESS 475637[268490247] -> 475637[268490247] admin_summon 36308 50
[08.09.14 22:13:12] SUCCESS 475637[268490247] admin_admin
[08.09.14 22:13:16] SUCCESS 475637[268490247] admin_gmshop
[08.09.14 22:13:18] SUCCESS 475637[268490247] admin_show_html gmstore/consumables.htm
[08.09.14 22:13:19] SUCCESS 475637[268490247] admin_buy 9928
[08.09.14 22:27:08] SUCCESS test3[268491998] -> test3[268491998] admin_admin
[08.09.14 22:27:09] SUCCESS test3[268491998] -> test3[268491998] admin_server admserver.htm
[08.09.14 22:27:10] SUCCESS test3[268491998] -> test3[268491998] admin_show_html reload.htm
[08.09.14 22:27:12] SUCCESS test3[268491998] -> test3[268491998] admin_reload_gmaccess
[08.09.14 22:29:39] SUCCESS Alucard[268490556] -> Alucard[268490556] admin_edit_character
[08.09.14 22:29:40] SUCCESS Alucard[268490556] -> Alucard[268490556] admin_current_player
[08.09.14 22:29:41] SUCCESS Alucard[268490556] -> Alucard[268490556] admin_admin
[08.09.14 22:29:42] SUCCESS Alucard[268490556] -> Alucard[268490556] admin_char_manage
[08.09.14 22:29:59] SUCCESS [DEV]KeeN[268490556] -> [DEV]KeeN[268490556] admin_setname [DEV]KeeN
[08.09.14 22:34:37] SUCCESS [DEV]KeeN[268490556] -> [DEV]KeeN[268490556] admin_server_restart 10
[08.09.14 22:37:11] SUCCESS [DEV]KeeN[268490556] admin_admin
[08.09.14 22:37:18] SUCCESS [DEV]KeeN[268490556] admin_create_item 13419 500
[08.09.14 22:43:57] SUCCESS [DEV]KeeN[268490556] -> [DEV]KeeN[268490556] admin_setlevel 99
[08.09.14 22:44:07] SUCCESS [DEV]KeeN[268490556] -> [DEV]KeeN[268490556] admin_server_restart 10
[08.09.14 22:45:59] SUCCESS [DEV]KeeN[268490556] admin_admin
[08.09.14 22:46:03] SUCCESS [DEV]KeeN[268490556] admin_create_item 37430 1
[08.09.14 22:47:32] SUCCESS [DEV]KeeN[268490556] admin_server_restart 10
[08.09.14 22:52:24] SUCCESS [DEV]KeeN[268490556] admin_server_restart 10
[08.09.14 22:57:35] SUCCESS [DEV]KeeN[268490556] admin_server_restart 10
[08.09.14 23:02:39] SUCCESS [DEV]KeeN[268490556] admin_admin
[08.09.14 23:02:44] SUCCESS [DEV]KeeN[268490556] admin_create_item 19911 1
[08.09.14 23:04:44] SUCCESS [DEV]KeeN[268490556] admin_server_restart 10
[08.09.14 23:12:41] SUCCESS [DEV]KeeN[268490556] admin_summon 347 1
[08.09.14 23:20:30] SUCCESS [DEV]KeeN[268490556] admin_reload
[08.09.14 23:20:36] SUCCESS [DEV]KeeN[268490556] admin_reload_htm
[08.09.14 23:20:37] SUCCESS [DEV]KeeN[268490556] admin_admin
[08.09.14 23:20:40] SUCCESS [DEV]KeeN[268490556] admin_create_item 1 1
[08.09.14 23:20:51] SUCCESS [DEV]KeeN[268490556] admin_create_item 57 999999999999999
[08.09.14 23:21:24] SUCCESS [DEV]KeeN[268490556] admin_server_restart 10
[08.09.14 23:22:49] SUCCESS [DEV]KeeN[268490556] admin_admin
[08.09.14 23:22:52] SUCCESS [DEV]KeeN[268490556] admin_create_item 1 1
[08.09.14 23:22:54] SUCCESS [DEV]KeeN[268490556] admin_create_item 36413
[08.09.14 23:23:29] SUCCESS [DEV]KeeN[268490556] -> [DEV]KeeN[268490556] admin_admin
[08.09.14 23:23:29] SUCCESS [DEV]KeeN[268490556] -> [DEV]KeeN[268490556] admin_server admserver.htm
[08.09.14 23:23:31] SUCCESS [DEV]KeeN[268490556] -> [DEV]KeeN[268490556] admin_show_html reload.htm
[08.09.14 23:23:36] SUCCESS [DEV]KeeN[268490556] -> [DEV]KeeN[268490556] admin_reload_htm
[08.09.14 23:23:38] SUCCESS [DEV]KeeN[268490556] -> [DEV]KeeN[268490556] admin_admin
[08.09.14 23:23:40] SUCCESS [DEV]KeeN[268490556] -> [DEV]KeeN[268490556] admin_create_item 1 1
[08.09.14 23:26:41] SUCCESS [DEV]KeeN[268490556] admin_admin
[08.09.14 23:26:43] SUCCESS [DEV]KeeN[268490556] admin_show_html attribute.htm
[08.09.14 23:27:17] SUCCESS [DEV]KeeN[268490556] admin_admin
[08.09.14 23:29:39] SUCCESS [DEV]KeeN[268490556] admin_server admserver.htm
[08.09.14 23:29:40] SUCCESS [DEV]KeeN[268490556] admin_show_html reload.htm
[08.09.14 23:29:45] SUCCESS [DEV]KeeN[268490556] admin_reload_htm
[08.09.14 23:29:46] SUCCESS [DEV]KeeN[268490556] admin_admin
[08.09.14 23:29:50] SUCCESS [DEV]KeeN[268490556] admin_show_characters 0
[08.09.14 23:29:51] SUCCESS [DEV]KeeN[268490556] admin_admin
[08.09.14 23:31:14] SUCCESS [DEV]KeeN[268490556] admin_char_manage
[08.09.14 23:31:15] SUCCESS [DEV]KeeN[268490556] admin_server admserver.htm
[08.09.14 23:31:16] SUCCESS [DEV]KeeN[268490556] admin_show_html reload.htm
[08.09.14 23:31:22] SUCCESS [DEV]KeeN[268490556] admin_reload_htm
[08.09.14 23:31:23] SUCCESS [DEV]KeeN[268490556] admin_admin
[08.09.14 23:32:50] SUCCESS [DEV]KeeN[268490556] admin_server admserver.htm
[08.09.14 23:32:50] SUCCESS [DEV]KeeN[268490556] admin_show_html reload.htm
[08.09.14 23:32:55] SUCCESS [DEV]KeeN[268490556] admin_reload_htm
[08.09.14 23:32:56] SUCCESS [DEV]KeeN[268490556] admin_admin
[08.09.14 23:34:18] SUCCESS [DEV]KeeN[268490556] admin_server admserver.htm
[08.09.14 23:34:19] SUCCESS [DEV]KeeN[268490556] admin_show_html reload.htm
[08.09.14 23:34:24] SUCCESS [DEV]KeeN[268490556] admin_reload_htm
[08.09.14 23:34:26] SUCCESS [DEV]KeeN[268490556] admin_admin
[08.09.14 23:34:30] SUCCESS [DEV]KeeN[268490556] admin_show_html itemcreation.htm
[08.09.14 23:36:57] SUCCESS [DEV]KeeN[268490556] admin_server admserver.htm
[08.09.14 23:36:58] SUCCESS [DEV]KeeN[268490556] admin_show_html reload.htm
[08.09.14 23:37:04] SUCCESS [DEV]KeeN[268490556] admin_reload_htm
[08.09.14 23:37:04] SUCCESS [DEV]KeeN[268490556] admin_admin
[08.09.14 23:37:06] SUCCESS [DEV]KeeN[268490556] admin_show_html itemcreation.htm
[08.09.14 23:37:58] SUCCESS [DEV]KeeN[268490556] admin_server admserver.htm
[08.09.14 23:38:00] SUCCESS [DEV]KeeN[268490556] admin_show_html reload.htm
[08.09.14 23:38:05] SUCCESS [DEV]KeeN[268490556] admin_reload_htm
[08.09.14 23:38:07] SUCCESS [DEV]KeeN[268490556] admin_admin
[08.09.14 23:38:08] SUCCESS [DEV]KeeN[268490556] admin_show_html itemcreation.htm
[08.09.14 23:39:15] SUCCESS [DEV]KeeN[268490556] admin_server admserver.htm
[08.09.14 23:39:16] SUCCESS [DEV]KeeN[268490556] admin_show_html reload.htm
[08.09.14 23:39:21] SUCCESS [DEV]KeeN[268490556] admin_reload_htm
[08.09.14 23:39:22] SUCCESS [DEV]KeeN[268490556] admin_admin
[08.09.14 23:39:24] SUCCESS [DEV]KeeN[268490556] admin_show_html itemcreation.htm
[08.09.14 23:40:06] SUCCESS [DEV]KeeN[268490556] admin_server admserver.htm
[08.09.14 23:40:08] SUCCESS [DEV]KeeN[268490556] admin_show_html reload.htm
[08.09.14 23:40:13] SUCCESS [DEV]KeeN[268490556] admin_reload_htm
[08.09.14 23:40:14] SUCCESS [DEV]KeeN[268490556] admin_admin
[08.09.14 23:40:18] SUCCESS [DEV]KeeN[268490556] admin_show_html itemcreation.htm
[08.09.14 23:41:22] SUCCESS [DEV]KeeN[268490556] admin_server admserver.htm
[08.09.14 23:41:24] SUCCESS [DEV]KeeN[268490556] admin_show_html reload.htm
[08.09.14 23:41:29] SUCCESS [DEV]KeeN[268490556] admin_reload_htm
[08.09.14 23:41:30] SUCCESS [DEV]KeeN[268490556] admin_admin
[08.09.14 23:41:31] SUCCESS [DEV]KeeN[268490556] admin_show_html itemcreation.htm
[08.09.14 23:42:25] SUCCESS [DEV]KeeN[268490556] admin_server admserver.htm
[08.09.14 23:42:26] SUCCESS [DEV]KeeN[268490556] admin_show_html reload.htm
[08.09.14 23:42:31] SUCCESS [DEV]KeeN[268490556] admin_reload_htm
[08.09.14 23:42:32] SUCCESS [DEV]KeeN[268490556] admin_admin
[08.09.14 23:42:34] SUCCESS [DEV]KeeN[268490556] admin_show_html itemcreation.htm
[08.09.14 23:42:47] SUCCESS [DEV]KeeN[268490556] admin_server admserver.htm
[08.09.14 23:42:48] SUCCESS [DEV]KeeN[268490556] admin_show_html reload.htm
[08.09.14 23:42:56] SUCCESS [DEV]KeeN[268490556] admin_reload_htm
[08.09.14 23:42:57] SUCCESS [DEV]KeeN[268490556] admin_admin
[08.09.14 23:43:00] SUCCESS [DEV]KeeN[268490556] admin_gmshop
[08.09.14 23:43:03] SUCCESS [DEV]KeeN[268490556] admin_gmshop
[08.09.14 23:43:04] SUCCESS [DEV]KeeN[268490556] admin_char_manage
[08.09.14 23:43:05] SUCCESS [DEV]KeeN[268490556] admin_admin
[08.09.14 23:43:06] SUCCESS [DEV]KeeN[268490556] admin_show_html itemcreation.htm
[08.09.14 23:43:50] SUCCESS [DEV]KeeN[268490556] admin_server admserver.htm
[08.09.14 23:43:51] SUCCESS [DEV]KeeN[268490556] admin_show_html reload.htm
[08.09.14 23:43:56] SUCCESS [DEV]KeeN[268490556] admin_reload_htm
[08.09.14 23:43:58] SUCCESS [DEV]KeeN[268490556] admin_admin
[08.09.14 23:44:00] SUCCESS [DEV]KeeN[268490556] admin_show_html itemcreation.htm
[08.09.14 23:44:28] SUCCESS [DEV]KeeN[268490556] admin_server admserver.htm
[08.09.14 23:44:28] SUCCESS [DEV]KeeN[268490556] admin_show_html reload.htm
[08.09.14 23:44:33] SUCCESS [DEV]KeeN[268490556] admin_reload_htm
[08.09.14 23:44:35] SUCCESS [DEV]KeeN[268490556] admin_admin
[08.09.14 23:44:36] SUCCESS [DEV]KeeN[268490556] admin_show_html itemcreation.htm
[08.09.14 23:45:08] SUCCESS [DEV]KeeN[268490556] admin_server admserver.htm
[08.09.14 23:45:09] SUCCESS [DEV]KeeN[268490556] admin_show_html reload.htm
[08.09.14 23:45:14] SUCCESS [DEV]KeeN[268490556] admin_reload_htm
[08.09.14 23:45:18] SUCCESS [DEV]KeeN[268490556] admin_admin
[08.09.14 23:45:20] SUCCESS [DEV]KeeN[268490556] admin_show_html itemcreation.htm
[08.09.14 23:46:08] SUCCESS [DEV]KeeN[268490556] admin_server admserver.htm
[08.09.14 23:46:09] SUCCESS [DEV]KeeN[268490556] admin_show_html reload.htm
[08.09.14 23:46:15] SUCCESS [DEV]KeeN[268490556] admin_reload_htm
[08.09.14 23:46:17] SUCCESS [DEV]KeeN[268490556] admin_admin
[08.09.14 23:46:22] SUCCESS [DEV]KeeN[268490556] admin_loc
[08.09.14 23:46:29] SUCCESS [DEV]KeeN[268490556] admin_admin
[08.09.14 23:46:31] SUCCESS [DEV]KeeN[268490556] admin_loc
[08.09.14 23:46:33] SUCCESS [DEV]KeeN[268490556] admin_admin
[08.09.14 23:46:46] SUCCESS [DEV]KeeN[268490556] admin_show_html itemcreation.htm
[08.09.14 23:46:49] SUCCESS [DEV]KeeN[268490556] admin_admin
[08.09.14 23:46:50] SUCCESS [DEV]KeeN[268490556] admin_char_manage
[08.09.14 23:46:50] SUCCESS [DEV]KeeN[268490556] admin_server admserver.htm
[08.09.14 23:46:51] SUCCESS [DEV]KeeN[268490556] admin_gmshop
[08.09.14 23:47:45] SUCCESS [DEV]KeeN[268490556] admin_admin
[08.09.14 23:48:04] SUCCESS [DEV]KeeN[268490556] admin_show_spawns
[08.09.14 23:48:08] SUCCESS [DEV]KeeN[268490556] admin_spawn_index 57
[08.09.14 23:48:13] SUCCESS [DEV]KeeN[268490556] admin_show_spawns
[08.09.14 23:48:15] SUCCESS [DEV]KeeN[268490556] admin_spawn_index 80
[08.09.14 23:48:16] SUCCESS [DEV]KeeN[268490556] admin_show_spawns
[08.09.14 23:48:17] SUCCESS [DEV]KeeN[268490556] admin_admin
[08.09.14 23:49:29] SUCCESS [DEV]KeeN[268490556] admin_server admserver.htm
[08.09.14 23:49:33] SUCCESS [DEV]KeeN[268490556] admin_show_html reload.htm
[08.09.14 23:49:37] SUCCESS [DEV]KeeN[268490556] admin_reload_htm
[08.09.14 23:49:39] SUCCESS [DEV]KeeN[268490556] admin_admin
[08.09.14 23:49:41] SUCCESS [DEV]KeeN[268490556] admin_show_moves
[08.09.14 23:49:57] SUCCESS [DEV]KeeN[268490556] admin_admin
[08.09.14 23:50:50] SUCCESS [DEV]KeeN[268490556] admin_server admserver.htm
[08.09.14 23:50:51] SUCCESS [DEV]KeeN[268490556] admin_show_html reload.htm
[08.09.14 23:50:56] SUCCESS [DEV]KeeN[268490556] admin_reload_htm
[08.09.14 23:50:57] SUCCESS [DEV]KeeN[268490556] admin_admin
[08.09.14 23:51:00] SUCCESS [DEV]KeeN[268490556] admin_show_moves
[08.09.14 23:51:56] SUCCESS [DEV]KeeN[268490556] admin_admin
[08.09.14 23:51:59] SUCCESS [DEV]KeeN[268490556] admin_show_spawns
[08.09.14 23:53:22] SUCCESS [DEV]KeeN[268490556] admin_server admserver.htm
[08.09.14 23:53:22] SUCCESS [DEV]KeeN[268490556] admin_show_html reload.htm
[08.09.14 23:53:27] SUCCESS [DEV]KeeN[268490556] admin_reload_htm
[08.09.14 23:53:28] SUCCESS [DEV]KeeN[268490556] admin_admin
[08.09.14 23:53:30] SUCCESS [DEV]KeeN[268490556] admin_show_moves
[08.09.14 23:54:39] SUCCESS [DEV]KeeN[268490556] admin_server admserver.htm
[08.09.14 23:54:40] SUCCESS [DEV]KeeN[268490556] admin_show_html reload.htm
[08.09.14 23:54:44] SUCCESS [DEV]KeeN[268490556] admin_reload_htm
[08.09.14 23:54:45] SUCCESS [DEV]KeeN[268490556] admin_admin
[08.09.14 23:54:47] SUCCESS [DEV]KeeN[268490556] admin_show_spawns
[08.09.14 23:54:56] SUCCESS [DEV]KeeN[268490556] admin_spawn_monster
[08.09.14 23:58:10] SUCCESS [DEV]KeeN[268490556] admin_admin
[08.09.14 23:58:11] SUCCESS [DEV]KeeN[268490556] admin_server admserver.htm
[08.09.14 23:58:11] SUCCESS [DEV]KeeN[268490556] admin_show_html reload.htm
[08.09.14 23:58:16] SUCCESS [DEV]KeeN[268490556] admin_reload_htm
[08.09.14 23:58:17] SUCCESS [DEV]KeeN[268490556] admin_admin
[08.09.14 23:58:20] SUCCESS [DEV]KeeN[268490556] admin_show_moves
[08.09.14 23:58:23] SUCCESS [DEV]KeeN[268490556] admin_admin
[08.09.14 23:58:28] SUCCESS [DEV]KeeN[268490556] admin_gmshop
[08.09.14 23:58:32] SUCCESS [DEV]KeeN[268490556] admin_admin
[08.09.14 23:58:45] SUCCESS [DEV]KeeN[268490556] admin_show_spawns
[08.09.14 23:58:49] SUCCESS [DEV]KeeN[268490556] -> [DEV]KeeN[268490556] admin_show_skills
[08.09.14 23:59:11] SUCCESS [DEV]KeeN[268490556] -> [DEV]KeeN[268490556] admin_skill_list
[08.09.14 23:59:45] SUCCESS [DEV]KeeN[268490556] -> [DEV]KeeN[268490556] admin_admin
[08.09.14 23:59:46] SUCCESS [DEV]KeeN[268490556] -> [DEV]KeeN[268490556] admin_server admserver.htm
[08.09.14 23:59:47] SUCCESS [DEV]KeeN[268490556] -> [DEV]KeeN[268490556] admin_show_html reload.htm
[08.09.14 23:59:52] SUCCESS [DEV]KeeN[268490556] -> [DEV]KeeN[268490556] admin_reload_htm
[08.09.14 23:59:53] SUCCESS [DEV]KeeN[268490556] -> [DEV]KeeN[268490556] admin_admin
[08.09.14 23:59:58] SUCCESS [DEV]KeeN[268490556] -> [DEV]KeeN[268490556] admin_show_characters 0
[08.09.14 23:59:59] SUCCESS [DEV]KeeN[268490556] -> [DEV]KeeN[268490556] admin_character_list [DEV]KeeN
[09.09.14 00:00:02] SUCCESS [DEV]KeeN[268490556] -> [DEV]KeeN[268490556] admin_show_skills
[09.09.14 00:00:04] SUCCESS [DEV]KeeN[268490556] -> [DEV]KeeN[268490556] admin_skill_list
[09.09.14 00:01:32] SUCCESS [DEV]KeeN[268490556] -> [DEV]KeeN[268490556] admin_server admserver.htm
[09.09.14 00:01:32] SUCCESS [DEV]KeeN[268490556] -> [DEV]KeeN[268490556] admin_show_html reload.htm
[09.09.14 00:01:37] SUCCESS [DEV]KeeN[268490556] -> [DEV]KeeN[268490556] admin_reload_htm
[09.09.14 00:01:40] SUCCESS [DEV]KeeN[268490556] -> [DEV]KeeN[268490556] admin_show_skills
[09.09.14 00:01:41] SUCCESS [DEV]KeeN[268490556] -> [DEV]KeeN[268490556] admin_skill_list
[09.09.14 00:02:56] SUCCESS [DEV]KeeN[268490556] -> [DEV]KeeN[268490556] admin_server admserver.htm
[09.09.14 00:02:57] SUCCESS [DEV]KeeN[268490556] -> [DEV]KeeN[268490556] admin_show_html reload.htm
[09.09.14 00:03:02] SUCCESS [DEV]KeeN[268490556] -> [DEV]KeeN[268490556] admin_reload_htm
[09.09.14 00:03:03] SUCCESS [DEV]KeeN[268490556] -> [DEV]KeeN[268490556] admin_admin
[09.09.14 00:03:04] SUCCESS [DEV]KeeN[268490556] -> [DEV]KeeN[268490556] admin_char_manage
[09.09.14 00:03:05] SUCCESS [DEV]KeeN[268490556] -> [DEV]KeeN[268490556] admin_show_characters 0
[09.09.14 00:03:05] SUCCESS [DEV]KeeN[268490556] -> [DEV]KeeN[268490556] admin_character_list [DEV]KeeN
[09.09.14 00:03:07] SUCCESS [DEV]KeeN[268490556] -> [DEV]KeeN[268490556] admin_show_skills
[09.09.14 00:03:08] SUCCESS [DEV]KeeN[268490556] -> [DEV]KeeN[268490556] admin_skill_list
[09.09.14 00:03:32] SUCCESS [DEV]KeeN[268490556] -> [DEV]KeeN[268490556] admin_admin
[09.09.14 00:03:34] SUCCESS [DEV]KeeN[268490556] -> [DEV]KeeN[268490556] admin_server admserver.htm
[09.09.14 00:03:38] SUCCESS [DEV]KeeN[268490556] -> [DEV]KeeN[268490556] admin_show_html reload.htm
[09.09.14 00:03:43] SUCCESS [DEV]KeeN[268490556] -> [DEV]KeeN[268490556] admin_reload_htm
[09.09.14 00:03:44] SUCCESS [DEV]KeeN[268490556] -> [DEV]KeeN[268490556] admin_admin
[09.09.14 00:03:55] SUCCESS [DEV]KeeN[268490556] -> [DEV]KeeN[268490556] admin_show_html charsubclasses.htm
[09.09.14 00:04:12] SUCCESS [DEV]KeeN[268490556] -> [DEV]KeeN[268490556] admin_admin
[09.09.14 00:04:22] SUCCESS [DEV]KeeN[268490556] -> [DEV]KeeN[268490556] admin_char_manage
[09.09.14 00:04:26] SUCCESS [DEV]KeeN[268490556] -> [DEV]KeeN[268490556] admin_show_html setclass.htm
[09.09.14 00:04:36] SUCCESS [DEV]KeeN[268490556] -> [DEV]KeeN[268490556] admin_admin
[09.09.14 00:05:21] SUCCESS [DEV]KeeN[268490556] -> [DEV]KeeN[268490556] admin_server admserver.htm
[09.09.14 00:05:22] SUCCESS [DEV]KeeN[268490556] -> [DEV]KeeN[268490556] admin_show_html reload.htm
[09.09.14 00:05:26] SUCCESS [DEV]KeeN[268490556] -> [DEV]KeeN[268490556] admin_reload_htm
[09.09.14 00:05:27] SUCCESS [DEV]KeeN[268490556] -> [DEV]KeeN[268490556] admin_admin
[09.09.14 00:05:28] SUCCESS [DEV]KeeN[268490556] -> [DEV]KeeN[268490556] admin_server admserver.htm
[09.09.14 00:05:29] SUCCESS [DEV]KeeN[268490556] -> [DEV]KeeN[268490556] admin_show_html scripts.htm
[09.09.14 00:07:01] SUCCESS [DEV]KeeN[268490556] -> [DEV]KeeN[268490556] admin_server admserver.htm
[09.09.14 00:07:03] SUCCESS [DEV]KeeN[268490556] -> [DEV]KeeN[268490556] admin_show_html reload.htm
[09.09.14 00:07:08] SUCCESS [DEV]KeeN[268490556] -> [DEV]KeeN[268490556] admin_reload_htm
[09.09.14 00:07:10] SUCCESS [DEV]KeeN[268490556] -> [DEV]KeeN[268490556] admin_admin
[09.09.14 00:07:12] SUCCESS [DEV]KeeN[268490556] -> [DEV]KeeN[268490556] admin_server admserver.htm
[09.09.14 00:07:13] SUCCESS [DEV]KeeN[268490556] -> [DEV]KeeN[268490556] admin_show_html scripts.htm
[09.09.14 00:07:15] SUCCESS [DEV]KeeN[268490556] -> [DEV]KeeN[268490556] admin_server admserver.htm
[09.09.14 00:07:17] SUCCESS [DEV]KeeN[268490556] -> [DEV]KeeN[268490556] admin_show_html scripts.htm
[09.09.14 00:07:49] SUCCESS [DEV]KeeN[268490556] -> [DEV]KeeN[268490556] admin_server admserver.htm
[09.09.14 00:07:49] SUCCESS [DEV]KeeN[268490556] -> [DEV]KeeN[268490556] admin_show_html reload.htm
[09.09.14 00:07:54] SUCCESS [DEV]KeeN[268490556] -> [DEV]KeeN[268490556] admin_reload_htm
[09.09.14 00:07:56] SUCCESS [DEV]KeeN[268490556] -> [DEV]KeeN[268490556] admin_admin
[09.09.14 00:07:59] SUCCESS [DEV]KeeN[268490556] -> [DEV]KeeN[268490556] admin_server admserver.htm
[09.09.14 00:08:01] SUCCESS [DEV]KeeN[268490556] -> [DEV]KeeN[268490556] admin_show_html scripts.htm
[09.09.14 00:08:06] SUCCESS [DEV]KeeN[268490556] -> [DEV]KeeN[268490556] admin_server admserver.htm
[09.09.14 00:08:08] SUCCESS [DEV]KeeN[268490556] -> [DEV]KeeN[268490556] admin_server_shutdown
[09.09.14 00:08:16] SUCCESS [DEV]KeeN[268490556] -> [DEV]KeeN[268490556] admin_admin
[09.09.14 00:08:20] SUCCESS [DEV]KeeN[268490556] -> [DEV]KeeN[268490556] admin_show_html ride.htm
[09.09.14 00:11:51] SUCCESS [DEV]KeeN[268490556] -> [DEV]KeeN[268490556] admin_admin
[09.09.14 00:11:51] SUCCESS [DEV]KeeN[268490556] -> [DEV]KeeN[268490556] admin_server admserver.htm
[09.09.14 00:11:53] SUCCESS [DEV]KeeN[268490556] -> [DEV]KeeN[268490556] admin_show_html reload.htm
[09.09.14 00:11:57] SUCCESS [DEV]KeeN[268490556] -> [DEV]KeeN[268490556] admin_reload_htm
[09.09.14 00:12:02] SUCCESS [DEV]KeeN[268490556] -> [DEV]KeeN[268490556] admin_server admserver.htm
[09.09.14 00:12:03] SUCCESS [DEV]KeeN[268490556] -> [DEV]KeeN[268490556] admin_admin
[09.09.14 00:12:09] SUCCESS [DEV]KeeN[268490556] -> [DEV]KeeN[268490556] admin_show_html ride.htm
[09.09.14 00:12:11] SUCCESS [DEV]KeeN[268490556] -> [DEV]KeeN[268490556] admin_server admserver.htm
[09.09.14 00:12:14] SUCCESS [DEV]KeeN[268490556] -> [DEV]KeeN[268490556] admin_show_html reload.htm
[09.09.14 00:13:05] SUCCESS [DEV]KeeN[268490556] -> [DEV]KeeN[268490556] admin_reload_htm
[09.09.14 00:15:03] SUCCESS [DEV]KeeN[268490556] -> [DEV]KeeN[268490556] admin_reload_htm
[09.09.14 00:15:47] SUCCESS [DEV]KeeN[268490556] -> [DEV]KeeN[268490556] admin_reload_htm
[09.09.14 00:15:54] SUCCESS [DEV]KeeN[268490556] -> [DEV]KeeN[268490556] admin_server admserver.htm
[09.09.14 00:16:48] SUCCESS [DEV]KeeN[268490556] -> [DEV]KeeN[268490556] admin_show_html reload.htm
[09.09.14 00:16:53] SUCCESS [DEV]KeeN[268490556] -> [DEV]KeeN[268490556] admin_reload_htm
[09.09.14 00:16:53] SUCCESS [DEV]KeeN[268490556] -> [DEV]KeeN[268490556] admin_admin
[09.09.14 00:16:56] SUCCESS [DEV]KeeN[268490556] -> [DEV]KeeN[268490556] admin_show_html pledgemanage.htm
[09.09.14 00:17:28] SUCCESS [DEV]KeeN[268490556] -> [DEV]KeeN[268490556] admin_server admserver.htm
[09.09.14 00:17:30] SUCCESS [DEV]KeeN[268490556] -> [DEV]KeeN[268490556] admin_show_html reload.htm
[09.09.14 00:17:35] SUCCESS [DEV]KeeN[268490556] -> [DEV]KeeN[268490556] admin_reload_htm
[09.09.14 00:17:38] SUCCESS [DEV]KeeN[268490556] -> [DEV]KeeN[268490556] admin_admin
[09.09.14 00:17:42] SUCCESS [DEV]KeeN[268490556] -> [DEV]KeeN[268490556] admin_show_html pledgemanage.htm
[09.09.14 00:17:45] SUCCESS [DEV]KeeN[268490556] -> [DEV]KeeN[268490556] admin_admin
[09.09.14 00:18:01] SUCCESS [DEV]KeeN[268490556] -> [DEV]KeeN[268490556] admin_view_petitions
[09.09.14 00:18:39] SUCCESS [DEV]KeeN[268490556] -> [DEV]KeeN[268490556] admin_admin
[09.09.14 00:18:39] SUCCESS [DEV]KeeN[268490556] -> [DEV]KeeN[268490556] admin_server admserver.htm
[09.09.14 00:18:40] SUCCESS [DEV]KeeN[268490556] -> [DEV]KeeN[268490556] admin_show_html scripts.htm
[09.09.14 00:19:11] SUCCESS [DEV]KeeN[268490556] -> [DEV]KeeN[268490556] admin_admin
[09.09.14 00:21:15] SUCCESS [DEV]KeeN[268490556] -> [DEV]KeeN[268490556] admin_server admserver.htm
[09.09.14 00:21:16] SUCCESS [DEV]KeeN[268490556] -> [DEV]KeeN[268490556] admin_show_html reload.htm
[09.09.14 00:21:21] SUCCESS [DEV]KeeN[268490556] -> [DEV]KeeN[268490556] admin_reload_htm
[09.09.14 00:21:22] SUCCESS [DEV]KeeN[268490556] -> [DEV]KeeN[268490556] admin_admin
[09.09.14 00:21:25] SUCCESS [DEV]KeeN[268490556] -> [DEV]KeeN[268490556] admin_show_html events.htm
[09.09.14 00:21:31] SUCCESS [DEV]KeeN[268490556] -> [DEV]KeeN[268490556] admin_admin
[09.09.14 00:21:33] SUCCESS [DEV]KeeN[268490556] -> [DEV]KeeN[268490556] admin_enchant
[09.09.14 00:21:34] SUCCESS [DEV]KeeN[268490556] -> [DEV]KeeN[268490556] admin_admin
[09.09.14 00:21:38] SUCCESS [DEV]KeeN[268490556] -> [DEV]KeeN[268490556] admin_show_html setclass.htm
[09.09.14 00:21:40] SUCCESS [DEV]KeeN[268490556] -> [DEV]KeeN[268490556] admin_admin
[09.09.14 00:21:42] SUCCESS [DEV]KeeN[268490556] -> [DEV]KeeN[268490556] admin_show_html charsubclasses.htm
[09.09.14 00:21:46] SUCCESS [DEV]KeeN[268490556] -> [DEV]KeeN[268490556] admin_admin
[09.09.14 00:21:49] SUCCESS [DEV]KeeN[268490556] -> [DEV]KeeN[268490556] admin_admin
[09.09.14 00:21:51] SUCCESS [DEV]KeeN[268490556] -> [DEV]KeeN[268490556] admin_show_html charsubclasses.htm
[09.09.14 00:21:53] SUCCESS [DEV]KeeN[268490556] -> [DEV]KeeN[268490556] admin_admin
[09.09.14 00:22:32] SUCCESS [DEV]KeeN[268490556] -> [DEV]KeeN[268490556] admin_server admserver.htm
[09.09.14 00:22:33] SUCCESS [DEV]KeeN[268490556] -> [DEV]KeeN[268490556] admin_show_html reload.htm
[09.09.14 00:22:38] SUCCESS [DEV]KeeN[268490556] -> [DEV]KeeN[268490556] admin_reload_htm
[09.09.14 00:22:39] SUCCESS [DEV]KeeN[268490556] -> [DEV]KeeN[268490556] admin_admin
[09.09.14 00:22:46] SUCCESS [DEV]KeeN[268490556] -> [DEV]KeeN[268490556] admin_char_manage
[09.09.14 00:22:49] SUCCESS [DEV]KeeN[268490556] -> [DEV]KeeN[268490556] admin_admin
[09.09.14 00:23:00] SUCCESS [DEV]KeeN[268490556] -> [DEV]KeeN[268490556] admin_residence_list
[09.09.14 00:23:02] SUCCESS [DEV]KeeN[268490556] -> [DEV]KeeN[268490556] admin_admin
[09.09.14 00:23:06] SUCCESS [DEV]KeeN[268490556] -> [DEV]KeeN[268490556] admin_show_html olympiad.htm
[09.09.14 00:23:10] SUCCESS [DEV]KeeN[268490556] -> [DEV]KeeN[268490556] admin_admin
[09.09.14 00:23:14] SUCCESS [DEV]KeeN[268490556] -> [DEV]KeeN[268490556] admin_view_petitions
[09.09.14 00:23:18] SUCCESS [DEV]KeeN[268490556] -> [DEV]KeeN[268490556] admin_admin
[09.09.14 00:23:20] SUCCESS [DEV]KeeN[268490556] -> [DEV]KeeN[268490556] admin_play_sounds
[09.09.14 00:23:21] SUCCESS [DEV]KeeN[268490556] -> [DEV]KeeN[268490556] admin_admin
[09.09.14 00:23:23] SUCCESS [DEV]KeeN[268490556] -> [DEV]KeeN[268490556] admin_find_mammon
[09.09.14 00:23:26] SUCCESS [DEV]KeeN[268490556] -> [DEV]KeeN[268490556] admin_admin
[09.09.14 00:23:27] SUCCESS [DEV]KeeN[268490556] -> [DEV]KeeN[268490556] admin_show_html ride.htm
[09.09.14 00:23:30] SUCCESS [DEV]KeeN[268490556] -> [DEV]KeeN[268490556] admin_admin
[09.09.14 00:23:31] SUCCESS [DEV]KeeN[268490556] -> [DEV]KeeN[268490556] admin_show_html pledgemanage.htm
[09.09.14 00:23:33] SUCCESS [DEV]KeeN[268490556] -> [DEV]KeeN[268490556] admin_admin
[09.09.14 00:23:34] SUCCESS [DEV]KeeN[268490556] -> [DEV]KeeN[268490556] admin_show_spawns
[09.09.14 00:23:35] SUCCESS [DEV]KeeN[268490556] -> [DEV]KeeN[268490556] admin_admin
[09.09.14 00:23:37] SUCCESS [DEV]KeeN[268490556] -> [DEV]KeeN[268490556] admin_manor
[09.09.14 00:23:41] SUCCESS [DEV]KeeN[268490556] -> [DEV]KeeN[268490556] admin_admin
[09.09.14 00:24:08] SUCCESS [DEV]KeeN[268490556] -> [DEV]KeeN[268490556] admin_server admserver.htm
[09.09.14 00:24:09] SUCCESS [DEV]KeeN[268490556] -> [DEV]KeeN[268490556] admin_show_html gmcommands.htm
[09.09.14 00:24:14] SUCCESS [DEV]KeeN[268490556] -> [DEV]KeeN[268490556] admin_server gmcommands2.htm
[09.09.14 00:24:16] SUCCESS [DEV]KeeN[268490556] -> [DEV]KeeN[268490556] admin_server gmcommands.htm
[09.09.14 00:24:20] SUCCESS [DEV]KeeN[268490556] -> [DEV]KeeN[268490556] admin_admin
[09.09.14 00:24:40] SUCCESS [DEV]KeeN[268490556] -> [DEV]KeeN[268490556] admin_server admserver.htm
[09.09.14 00:27:04] SUCCESS [DEV]KeeN[268490556] -> [DEV]KeeN[268490556] admin_show_html reload.htm
[09.09.14 00:27:09] SUCCESS [DEV]KeeN[268490556] -> [DEV]KeeN[268490556] admin_reload_htm
[09.09.14 00:27:11] SUCCESS [DEV]KeeN[268490556] -> [DEV]KeeN[268490556] admin_admin
[09.09.14 00:27:23] SUCCESS [DEV]KeeN[268490556] -> [DEV]KeeN[268490556] admin_show_html olympiad.htm
[09.09.14 00:27:29] SUCCESS [DEV]KeeN[268490556] -> [DEV]KeeN[268490556] admin_char_manage
[09.09.14 00:27:33] SUCCESS [DEV]KeeN[268490556] -> [DEV]KeeN[268490556] admin_server admserver.htm
[09.09.14 00:27:34] SUCCESS [DEV]KeeN[268490556] -> [DEV]KeeN[268490556] admin_gmshop
[09.09.14 00:27:35] SUCCESS [DEV]KeeN[268490556] -> [DEV]KeeN[268490556] admin_admin
[09.09.14 00:28:54] SUCCESS [DEV]KeeN[268490556] -> [DEV]KeeN[268490556] admin_server admserver.htm
[09.09.14 00:28:54] SUCCESS [DEV]KeeN[268490556] -> [DEV]KeeN[268490556] admin_show_html reload.htm
[09.09.14 00:28:59] SUCCESS [DEV]KeeN[268490556] -> [DEV]KeeN[268490556] admin_reload_htm
[09.09.14 00:29:00] SUCCESS [DEV]KeeN[268490556] -> [DEV]KeeN[268490556] admin_admin
[09.09.14 00:29:02] SUCCESS [DEV]KeeN[268490556] -> [DEV]KeeN[268490556] admin_show_html olympiad.htm
[09.09.14 00:29:04] SUCCESS [DEV]KeeN[268490556] -> [DEV]KeeN[268490556] admin_server admserver.htm
[09.09.14 00:29:05] SUCCESS [DEV]KeeN[268490556] -> [DEV]KeeN[268490556] admin_admin
[09.09.14 00:29:08] SUCCESS [DEV]KeeN[268490556] -> [DEV]KeeN[268490556] admin_view_petitions
[09.09.14 00:29:10] SUCCESS [DEV]KeeN[268490556] -> [DEV]KeeN[268490556] admin_admin
[09.09.14 00:29:18] SUCCESS [DEV]KeeN[268490556] -> [DEV]KeeN[268490556] admin_server admserver.htm
[09.09.14 00:29:19] SUCCESS [DEV]KeeN[268490556] -> [DEV]KeeN[268490556] admin_show_html gmcommands.htm
[09.09.14 00:29:34] SUCCESS [DEV]KeeN[268490556] -> [DEV]KeeN[268490556] admin_server gmcommands2.htm
[09.09.14 00:29:35] SUCCESS [DEV]KeeN[268490556] -> [DEV]KeeN[268490556] admin_server gmcommands.htm
[09.09.14 00:31:34] SUCCESS [DEV]KeeN[268490556] -> [DEV]KeeN[268490556] admin_server admserver.htm
[09.09.14 00:31:35] SUCCESS [DEV]KeeN[268490556] -> [DEV]KeeN[268490556] admin_show_html reload.htm
[09.09.14 00:31:39] SUCCESS [DEV]KeeN[268490556] -> [DEV]KeeN[268490556] admin_reload_htm
[09.09.14 00:31:41] SUCCESS [DEV]KeeN[268490556] -> [DEV]KeeN[268490556] admin_admin
[09.09.14 00:31:41] SUCCESS [DEV]KeeN[268490556] -> [DEV]KeeN[268490556] admin_server admserver.htm
[09.09.14 00:31:42] SUCCESS [DEV]KeeN[268490556] -> [DEV]KeeN[268490556] admin_show_html reload.htm
[09.09.14 00:31:44] SUCCESS [DEV]KeeN[268490556] -> [DEV]KeeN[268490556] admin_admin
[09.09.14 00:31:45] SUCCESS [DEV]KeeN[268490556] -> [DEV]KeeN[268490556] admin_server admserver.htm
[09.09.14 00:31:45] SUCCESS [DEV]KeeN[268490556] -> [DEV]KeeN[268490556] admin_show_html gmcommands.htm
[09.09.14 00:31:54] SUCCESS [DEV]KeeN[268490556] -> [DEV]KeeN[268490556] admin_server gmcommands2.htm
[09.09.14 00:31:56] SUCCESS [DEV]KeeN[268490556] -> [DEV]KeeN[268490556] admin_server gmcommands.htm
[09.09.14 00:31:57] SUCCESS [DEV]KeeN[268490556] -> [DEV]KeeN[268490556] admin_server gmcommands2.htm
[09.09.14 00:31:59] SUCCESS [DEV]KeeN[268490556] -> [DEV]KeeN[268490556] admin_server gmcommands.htm
[09.09.14 00:31:59] SUCCESS [DEV]KeeN[268490556] -> [DEV]KeeN[268490556] admin_server gmcommands2.htm
[09.09.14 00:32:00] SUCCESS [DEV]KeeN[268490556] -> [DEV]KeeN[268490556] admin_server gmcommands.htm
[09.09.14 00:32:04] SUCCESS [DEV]KeeN[268490556] -> [DEV]KeeN[268490556] admin_server gmcommands2.htm
[09.09.14 00:32:05] SUCCESS [DEV]KeeN[268490556] -> [DEV]KeeN[268490556] admin_server gmcommands.htm
[09.09.14 00:32:05] SUCCESS [DEV]KeeN[268490556] -> [DEV]KeeN[268490556] admin_server gmcommands2.htm
[09.09.14 00:32:07] SUCCESS [DEV]KeeN[268490556] -> [DEV]KeeN[268490556] admin_server gmcommands.htm
[09.09.14 00:32:09] SUCCESS [DEV]KeeN[268490556] -> [DEV]KeeN[268490556] admin_server gmcommands2.htm
[09.09.14 00:32:09] SUCCESS [DEV]KeeN[268490556] -> [DEV]KeeN[268490556] admin_server gmcommands.htm
[09.09.14 00:33:15] SUCCESS [DEV]KeeN[268490556] -> [DEV]KeeN[268490556] admin_server admserver.htm
[09.09.14 00:33:17] SUCCESS [DEV]KeeN[268490556] -> [DEV]KeeN[268490556] admin_show_html reload.htm
[09.09.14 00:33:21] SUCCESS [DEV]KeeN[268490556] -> [DEV]KeeN[268490556] admin_reload_htm
[09.09.14 00:33:26] SUCCESS [DEV]KeeN[268490556] -> [DEV]KeeN[268490556] admin_admin
[09.09.14 00:33:28] SUCCESS [DEV]KeeN[268490556] -> [DEV]KeeN[268490556] admin_server admserver.htm
[09.09.14 00:33:29] SUCCESS [DEV]KeeN[268490556] -> [DEV]KeeN[268490556] admin_show_html gmcommands.htm
[09.09.14 00:33:33] SUCCESS [DEV]KeeN[268490556] -> [DEV]KeeN[268490556] admin_server gmcommands2.htm
[09.09.14 00:33:34] SUCCESS [DEV]KeeN[268490556] -> [DEV]KeeN[268490556] admin_server gmcommands.htm
[09.09.14 00:34:25] SUCCESS [DEV]KeeN[268490556] -> [DEV]KeeN[268490556] admin_server admserver.htm
[09.09.14 00:34:26] SUCCESS [DEV]KeeN[268490556] -> [DEV]KeeN[268490556] admin_show_html reload.htm
[09.09.14 00:34:31] SUCCESS [DEV]KeeN[268490556] -> [DEV]KeeN[268490556] admin_reload_htm
[09.09.14 00:34:32] SUCCESS [DEV]KeeN[268490556] -> [DEV]KeeN[268490556] admin_admin
[09.09.14 00:34:34] SUCCESS [DEV]KeeN[268490556] -> [DEV]KeeN[268490556] admin_server admserver.htm
[09.09.14 00:34:35] SUCCESS [DEV]KeeN[268490556] -> [DEV]KeeN[268490556] admin_show_html gmcommands.htm
[09.09.14 00:34:41] SUCCESS [DEV]KeeN[268490556] -> [DEV]KeeN[268490556] admin_server gmcommands2.htm
[09.09.14 00:34:45] SUCCESS [DEV]KeeN[268490556] -> [DEV]KeeN[268490556] admin_server gmcommands.htm
[09.09.14 00:34:46] SUCCESS [DEV]KeeN[268490556] -> [DEV]KeeN[268490556] admin_char_manage
[09.09.14 00:35:34] SUCCESS [DEV]KeeN[268490556] -> [DEV]KeeN[268490556] admin_admin
[09.09.14 00:35:35] SUCCESS [DEV]KeeN[268490556] -> [DEV]KeeN[268490556] admin_view_petitions
[09.09.14 00:35:37] SUCCESS [DEV]KeeN[268490556] -> [DEV]KeeN[268490556] admin_reset_petitions
[09.09.14 00:35:39] SUCCESS [DEV]KeeN[268490556] -> [DEV]KeeN[268490556] admin_admin
[09.09.14 00:36:26] SUCCESS [DEV]KeeN[268490556] -> 32327 Adventurers' Guide admin_admin
[09.09.14 00:36:26] SUCCESS [DEV]KeeN[268490556] -> 32327 Adventurers' Guide admin_char_manage
[09.09.14 00:37:58] SUCCESS [DEV]KeeN[268490556] -> 32327 Adventurers' Guide admin_server admserver.htm
[09.09.14 00:37:59] SUCCESS [DEV]KeeN[268490556] -> 32327 Adventurers' Guide admin_show_html reload.htm
[09.09.14 00:38:04] SUCCESS [DEV]KeeN[268490556] -> 32327 Adventurers' Guide admin_reload_htm
[09.09.14 00:38:05] SUCCESS [DEV]KeeN[268490556] -> 32327 Adventurers' Guide admin_admin
[09.09.14 00:38:06] SUCCESS [DEV]KeeN[268490556] -> 32327 Adventurers' Guide admin_char_manage
[09.09.14 00:39:05] SUCCESS [DEV]KeeN[268490556] -> 32327 Adventurers' Guide admin_server admserver.htm
[09.09.14 00:39:06] SUCCESS [DEV]KeeN[268490556] -> 32327 Adventurers' Guide admin_show_html reload.htm
[09.09.14 00:39:11] SUCCESS [DEV]KeeN[268490556] -> 32327 Adventurers' Guide admin_reload_htm
[09.09.14 00:39:24] SUCCESS [DEV]KeeN[268490556] -> 32327 Adventurers' Guide admin_admin
[09.09.14 00:39:24] SUCCESS [DEV]KeeN[268490556] -> 32327 Adventurers' Guide admin_char_manage
[09.09.14 00:43:45] FAIL    [DEV]KeeN[268490556] -> 32327 Adventurers' Guide admin_setsex
[09.09.14 00:43:50] SUCCESS [DEV]KeeN[268490556] -> [DEV]KeeN[268490556] admin_admin
[09.09.14 00:43:52] SUCCESS [DEV]KeeN[268490556] -> [DEV]KeeN[268490556] admin_char_manage
[09.09.14 00:43:52] SUCCESS [DEV]KeeN[268490556] -> [DEV]KeeN[268490556] admin_setsex
[09.09.14 00:44:02] SUCCESS [DEV]KeeN[268490556] -> [DEV]KeeN[268490556] admin_admin
[09.09.14 00:44:04] SUCCESS [DEV]KeeN[268490556] -> [DEV]KeeN[268490556] admin_server admserver.htm
[09.09.14 00:44:05] SUCCESS [DEV]KeeN[268490556] -> [DEV]KeeN[268490556] admin_char_manage
[09.09.14 00:44:07] SUCCESS [DEV]KeeN[268490556] -> [DEV]KeeN[268490556] admin_setsex
[09.09.14 00:46:25] SUCCESS [DEV]KeeN[268490556] -> [DEV]KeeN[268490556] admin_admin
[09.09.14 00:46:27] SUCCESS [DEV]KeeN[268490556] -> [DEV]KeeN[268490556] admin_char_manage
[09.09.14 00:46:30] SUCCESS [DEV]KeeN[268490556] -> [DEV]KeeN[268490556] admin_show_html setclass.htm
[09.09.14 00:46:32] SUCCESS [DEV]KeeN[268490556] -> [DEV]KeeN[268490556] admin_admin
[09.09.14 00:46:32] SUCCESS [DEV]KeeN[268490556] -> [DEV]KeeN[268490556] admin_char_manage
[09.09.14 00:46:33] SUCCESS [DEV]KeeN[268490556] -> [DEV]KeeN[268490556] admin_show_html setclass.htm
[09.09.14 00:46:34] SUCCESS [DEV]KeeN[268490556] -> [DEV]KeeN[268490556] admin_admin
[09.09.14 00:48:22] SUCCESS [DEV]KeeN[268490556] -> [DEV]KeeN[268490556] admin_server admserver.htm
[09.09.14 00:48:23] SUCCESS [DEV]KeeN[268490556] -> [DEV]KeeN[268490556] admin_show_html reload.htm
[09.09.14 00:48:27] SUCCESS [DEV]KeeN[268490556] -> [DEV]KeeN[268490556] admin_reload_htm
[09.09.14 00:48:28] SUCCESS [DEV]KeeN[268490556] -> [DEV]KeeN[268490556] admin_admin
[09.09.14 00:48:31] SUCCESS [DEV]KeeN[268490556] -> [DEV]KeeN[268490556] admin_char_manage
[09.09.14 00:48:40] SUCCESS [DEV]KeeN[268490556] -> [DEV]KeeN[268490556] admin_show_html transform.htm
[09.09.14 00:48:45] SUCCESS [DEV]KeeN[268490556] -> [DEV]KeeN[268490556] admin_transform 301
[09.09.14 00:49:17] SUCCESS [DEV]KeeN[268490556] admin_admin
[09.09.14 00:49:23] SUCCESS [DEV]KeeN[268490556] admin_residence_list
[09.09.14 00:49:24] SUCCESS [DEV]KeeN[268490556] admin_admin
[09.09.14 00:49:27] SUCCESS [DEV]KeeN[268490556] admin_server admserver.htm
[09.09.14 00:49:28] SUCCESS [DEV]KeeN[268490556] admin_server_shutdown
[09.09.14 00:49:29] SUCCESS [DEV]KeeN[268490556] admin_admin
[09.09.14 00:51:36] SUCCESS [DEV]KeeN[268490556] admin_show_moves
[09.09.14 00:51:37] SUCCESS [DEV]KeeN[268490556] admin_show_html teleports/town.htm
[09.09.14 00:51:39] SUCCESS [DEV]KeeN[268490556] admin_admin
[09.09.14 00:51:40] SUCCESS [DEV]KeeN[268490556] admin_show_moves
[09.09.14 00:51:41] SUCCESS [DEV]KeeN[268490556] admin_show_html teleports/fort.htm
[09.09.14 00:51:45] SUCCESS [DEV]KeeN[268490556] admin_show_html teleports.htm
[09.09.14 00:51:48] SUCCESS [DEV]KeeN[268490556] admin_gmshop
[09.09.14 00:55:30] SUCCESS [DEV]KeeN[268490556] admin_server admserver.htm
[09.09.14 00:55:31] SUCCESS [DEV]KeeN[268490556] admin_show_html reload.htm
[09.09.14 00:55:37] SUCCESS [DEV]KeeN[268490556] admin_reload_htm
[09.09.14 00:55:38] SUCCESS [DEV]KeeN[268490556] admin_server admserver.htm
[09.09.14 00:55:39] SUCCESS [DEV]KeeN[268490556] admin_gmshop
[09.09.14 00:55:43] SUCCESS [DEV]KeeN[268490556] admin_show_html gmstore/gear/weapons.htm
[09.09.14 00:55:45] SUCCESS [DEV]KeeN[268490556] admin_gmshop
[09.09.14 00:55:58] SUCCESS [DEV]KeeN[268490556] admin_server_shutdown 10
[09.09.14 21:43:15] SUCCESS [DEV]KeeN[268490556] admin_admin
[09.09.14 21:43:18] SUCCESS [DEV]KeeN[268490556] admin_char_manage
[09.09.14 21:44:59] SUCCESS [DEV]KeeN[268490556] admin_admin
[09.09.14 21:45:00] SUCCESS [DEV]KeeN[268490556] admin_server admserver.htm
[09.09.14 21:45:00] SUCCESS [DEV]KeeN[268490556] admin_show_html reload.htm
[09.09.14 21:45:06] SUCCESS [DEV]KeeN[268490556] admin_reload_htm
[09.09.14 21:45:07] SUCCESS [DEV]KeeN[268490556] admin_admin
[09.09.14 21:45:15] SUCCESS [DEV]KeeN[268490556] admin_server admserver.htm
[09.09.14 21:45:18] SUCCESS [DEV]KeeN[268490556] admin_gmshop
[09.09.14 21:45:19] SUCCESS [DEV]KeeN[268490556] admin_show_html gmstore/gear/weapons.htm
[09.09.14 21:45:21] SUCCESS [DEV]KeeN[268490556] admin_gmshop
[09.09.14 21:45:22] SUCCESS [DEV]KeeN[268490556] admin_show_html gmstore/gear/armor.htm
[09.09.14 21:45:26] SUCCESS [DEV]KeeN[268490556] admin_show_html gmstore/gear/armors/r-pvp-pve.htm
[09.09.14 21:45:27] SUCCESS [DEV]KeeN[268490556] admin_show_html gmstore/gear/armor.htm
[09.09.14 21:45:29] SUCCESS [DEV]KeeN[268490556] admin_gmshop
[09.09.14 21:45:30] SUCCESS [DEV]KeeN[268490556] admin_show_html gmstore/gear/jewels.htm
[09.09.14 21:45:34] SUCCESS [DEV]KeeN[268490556] admin_show_html gmstore/gear/jewels.htm
[09.09.14 21:45:35] SUCCESS [DEV]KeeN[268490556] admin_show_html gmstore/gear/jewels.htm
[09.09.14 21:45:36] SUCCESS [DEV]KeeN[268490556] admin_gmshop
[09.09.14 21:45:38] SUCCESS [DEV]KeeN[268490556] admin_show_html gmstore/gear/bracelets.htm
[09.09.14 21:45:40] SUCCESS [DEV]KeeN[268490556] admin_buy 9914
[09.09.14 21:46:43] SUCCESS [DEV]KeeN[268490556] -> [DEV]KeeN[268490556] admin_summon 36308 50
[09.09.14 21:47:35] SUCCESS [DEV]KeeN[268490556] admin_admin
[09.09.14 21:47:36] SUCCESS [DEV]KeeN[268490556] admin_char_manage
[09.09.14 21:48:40] SUCCESS [DEV]KeeN[268490556] admin_server admserver.htm
[09.09.14 21:48:41] SUCCESS [DEV]KeeN[268490556] admin_char_manage
[09.09.14 21:48:43] SUCCESS [DEV]KeeN[268490556] admin_admin
[09.09.14 21:48:44] SUCCESS [DEV]KeeN[268490556] admin_char_manage
[09.09.14 21:48:45] SUCCESS [DEV]KeeN[268490556] admin_server admserver.htm
[09.09.14 21:48:46] SUCCESS [DEV]KeeN[268490556] admin_admin
[09.09.14 21:48:46] SUCCESS [DEV]KeeN[268490556] admin_char_manage
[09.09.14 21:48:47] SUCCESS [DEV]KeeN[268490556] admin_server admserver.htm
[09.09.14 21:48:49] SUCCESS [DEV]KeeN[268490556] admin_show_html reload.htm
[09.09.14 21:48:55] SUCCESS [DEV]KeeN[268490556] admin_reload_htm
[09.09.14 21:48:55] SUCCESS [DEV]KeeN[268490556] admin_admin
[09.09.14 21:48:57] SUCCESS [DEV]KeeN[268490556] admin_char_manage
[09.09.14 21:49:10] SUCCESS [DEV]KeeN[268490556] admin_gmshop
[09.09.14 21:49:11] SUCCESS [DEV]KeeN[268490556] admin_buy 9903
[09.09.14 21:49:15] SUCCESS [DEV]KeeN[268490556] admin_admin
[09.09.14 21:49:16] SUCCESS [DEV]KeeN[268490556] admin_gmshop
[09.09.14 21:49:17] SUCCESS [DEV]KeeN[268490556] admin_show_html gmstore/lifestones.htm
[09.09.14 21:49:19] SUCCESS [DEV]KeeN[268490556] admin_buy 11074
[09.09.14 21:51:01] SUCCESS [DEV]KeeN[268490556] admin_summon 13021 1
[09.09.14 21:53:58] SUCCESS [DEV]KeeN[268490556] admin_admin
[09.09.14 21:53:59] SUCCESS [DEV]KeeN[268490556] admin_char_manage
[09.09.14 21:54:27] SUCCESS [DEV]KeeN[268490556] admin_summon 14559 1
[09.09.14 21:54:31] SUCCESS [DEV]KeeN[268490556] admin_summon 17025 1
[09.09.14 21:58:31] SUCCESS [DEV]KeeN[268490556] admin_summon 15627 1
[09.09.14 22:09:16] SUCCESS [DEV]KeeN[268490556] admin_setfame 100000
[09.09.14 22:09:24] SUCCESS [DEV]KeeN[268490556] -> [DEV]KeeN[268490556] admin_setfame 10000
[09.09.14 22:23:04] SUCCESS [DEV]KeeN[268490556] -> [DEV]KeeN[268490556] admin_admin
[09.09.14 22:23:05] SUCCESS [DEV]KeeN[268490556] -> [DEV]KeeN[268490556] admin_server admserver.htm
[09.09.14 22:23:06] SUCCESS [DEV]KeeN[268490556] -> [DEV]KeeN[268490556] admin_show_html reload.htm
[09.09.14 22:23:11] SUCCESS [DEV]KeeN[268490556] -> [DEV]KeeN[268490556] admin_reload_htm
[09.09.14 22:29:12] SUCCESS [DEV]KeeN[268490556] -> 32024 Mulia admin_admin
[09.09.14 22:33:20] SUCCESS [DEV]KeeN[268490556] -> 32024 Mulia admin_admin
[09.09.14 22:33:24] SUCCESS [DEV]KeeN[268490556] -> 32024 Mulia admin_create_item 252 1
[10.09.14 00:07:22] SUCCESS [DEV]KeeN[268490556] -> [DEV]KeeN[268490556] admin_admin
[10.09.14 00:07:24] SUCCESS [DEV]KeeN[268490556] -> [DEV]KeeN[268490556] admin_show_html itemcreation.htm
[10.09.14 00:07:29] SUCCESS [DEV]KeeN[268490556] -> [DEV]KeeN[268490556] admin_create_item 4037 100
[10.09.14 00:18:50] SUCCESS [DEV]KeeN[268490556] admin_admin
[10.09.14 00:18:51] SUCCESS [DEV]KeeN[268490556] admin_show_html itemcreation.htm
[10.09.14 00:18:56] SUCCESS [DEV]KeeN[268490556] admin_create_item 4037 1000
[10.09.14 00:20:07] SUCCESS [DEV]KeeN[268490556] admin_vis
[10.09.14 00:20:14] SUCCESS [DEV]KeeN[268490556] -> [DEV]KeeN[268490556] admin_admin
[10.09.14 00:20:15] SUCCESS [DEV]KeeN[268490556] -> [DEV]KeeN[268490556] admin_server admserver.htm
[10.09.14 00:20:18] SUCCESS [DEV]KeeN[268490556] -> [DEV]KeeN[268490556] admin_admin
[10.09.14 00:20:18] SUCCESS [DEV]KeeN[268490556] -> [DEV]KeeN[268490556] admin_char_manage
[10.09.14 00:20:46] SUCCESS [DEV]KeeN[268490556] -> [DEV]KeeN[268490556] admin_settitle lindvior
[10.09.14 00:36:12] SUCCESS [DEV]KeeN[268490556] -> 33825 Лавианроз admin_admin
[10.09.14 00:36:13] SUCCESS [DEV]KeeN[268490556] -> 33825 Лавианроз admin_server admserver.htm
[10.09.14 00:36:13] SUCCESS [DEV]KeeN[268490556] -> 33825 Лавианроз admin_show_html reload.htm
[10.09.14 00:36:18] SUCCESS [DEV]KeeN[268490556] -> 33825 Лавианроз admin_reload_htm
[10.09.14 00:36:57] SUCCESS [DEV]KeeN[268490556] -> 33825 Лавианроз admin_reload_htm
[10.09.14 00:42:07] SUCCESS [DEV]KeeN[268490556] admin_vis
[10.09.14 10:47:10] SUCCESS [DEV]KeeN[268490556] admin_vis
[10.09.14 11:01:22] FAIL    [DEV]KeeN[268490556] admin_summon 37049 1
[10.09.14 11:01:25] FAIL    [DEV]KeeN[268490556] -> [DEV]KeeN[268490556] admin_summon 37049 1
[10.09.14 11:04:51] SUCCESS [DEV]KeeN[268490556] -> 33715 a_smith_MDwarf admin_admin
[10.09.14 11:04:53] SUCCESS [DEV]KeeN[268490556] -> 33715 a_smith_MDwarf admin_invis
[10.09.14 11:04:54] SUCCESS [DEV]KeeN[268490556] -> 33715 a_smith_MDwarf admin_admin
[10.09.14 11:04:56] SUCCESS [DEV]KeeN[268490556] -> 33715 a_smith_MDwarf admin_char_manage
[10.09.14 11:05:09] SUCCESS [DEV]KeeN[268490556] -> 33715 a_smith_MDwarf admin_char_manage
[10.09.14 11:05:09] SUCCESS [DEV]KeeN[268490556] -> 33715 a_smith_MDwarf admin_server admserver.htm
[10.09.14 11:05:10] SUCCESS [DEV]KeeN[268490556] -> 33715 a_smith_MDwarf admin_gmshop
[10.09.14 11:05:11] SUCCESS [DEV]KeeN[268490556] -> 33715 a_smith_MDwarf admin_server admserver.htm
[10.09.14 11:05:12] SUCCESS [DEV]KeeN[268490556] -> 33715 a_smith_MDwarf admin_gmshop
[10.09.14 11:05:13] SUCCESS [DEV]KeeN[268490556] -> 33715 a_smith_MDwarf admin_show_html gmstore/fishing.htm
[10.09.14 11:05:14] SUCCESS [DEV]KeeN[268490556] -> 33715 a_smith_MDwarf admin_gmshop
[10.09.14 11:05:15] SUCCESS [DEV]KeeN[268490556] -> 33715 a_smith_MDwarf admin_show_html gmstore/gear/weapons.htm
[10.09.14 11:05:17] SUCCESS [DEV]KeeN[268490556] -> 33715 a_smith_MDwarf admin_gmshop
[10.09.14 11:05:18] SUCCESS [DEV]KeeN[268490556] -> 33715 a_smith_MDwarf admin_show_html gmstore/gear/armor.htm
[10.09.14 11:05:25] SUCCESS [DEV]KeeN[268490556] -> 33715 a_smith_MDwarf admin_buy 11006
[10.09.14 11:05:31] SUCCESS [DEV]KeeN[268490556] -> 33715 a_smith_MDwarf admin_admin
[10.09.14 11:05:33] SUCCESS [DEV]KeeN[268490556] -> 33715 a_smith_MDwarf admin_char_manage
[10.09.14 11:05:34] SUCCESS [DEV]KeeN[268490556] -> 33715 a_smith_MDwarf admin_gmshop
[10.09.14 11:05:35] SUCCESS [DEV]KeeN[268490556] -> 33715 a_smith_MDwarf admin_show_html gmstore/books.htm
[10.09.14 11:05:37] SUCCESS [DEV]KeeN[268490556] -> 33715 a_smith_MDwarf admin_buy 9921
[10.09.14 11:05:38] SUCCESS [DEV]KeeN[268490556] -> 33715 a_smith_MDwarf admin_admin
[10.09.14 11:05:39] SUCCESS [DEV]KeeN[268490556] -> 33715 a_smith_MDwarf admin_gmshop
[10.09.14 11:05:40] SUCCESS [DEV]KeeN[268490556] -> 33715 a_smith_MDwarf admin_show_html gmstore/books.htm
[10.09.14 11:05:43] SUCCESS [DEV]KeeN[268490556] -> 33715 a_smith_MDwarf admin_buy 9905
[10.09.14 11:24:00] SUCCESS [DEV]KeeN[268490556] -> [DEV]KeeN[268490556] admin_show_skills
[10.09.14 11:24:06] SUCCESS [DEV]KeeN[268490556] -> [DEV]KeeN[268490556] admin_give_all_skills
[10.09.14 11:53:02] SUCCESS [DEV]KeeN[268490556] -> [DEV]KeeN[268490556] admin_add_exp_sp_to_character
[10.09.14 11:53:12] SUCCESS [DEV]KeeN[268490556] -> [DEV]KeeN[268490556] admin_add_exp_sp 123 2147000000
[10.09.14 12:06:22] SUCCESS [DEV]KeeN[268490556] admin_vis
[10.09.14 12:06:57] SUCCESS [DEV]KeeN[268490556] -> 23150 corpseshambler admin_admin
[10.09.14 12:06:57] SUCCESS [DEV]KeeN[268490556] -> 23150 corpseshambler admin_admin
[10.09.14 12:44:55] SUCCESS [DEV]KeeN[268490556] admin_summon 6494 1
[10.09.14 12:46:36] SUCCESS [DEV]KeeN[268490556] admin_admin
[10.09.14 12:46:37] SUCCESS [DEV]KeeN[268490556] admin_server admserver.htm
[10.09.14 12:46:38] SUCCESS [DEV]KeeN[268490556] admin_show_html scripts.htm
[10.09.14 12:46:39] FAIL    [DEV]KeeN[268490556] admin_sreload
[10.09.14 12:46:53] SUCCESS [DEV]KeeN[268490556] admin_admin
[10.09.14 12:46:54] SUCCESS [DEV]KeeN[268490556] admin_server admserver.htm
[10.09.14 12:46:55] SUCCESS [DEV]KeeN[268490556] admin_show_html reload.htm
[10.09.14 12:46:57] SUCCESS [DEV]KeeN[268490556] admin_server admserver.htm
[10.09.14 12:46:58] SUCCESS [DEV]KeeN[268490556] admin_show_html scripts.htm
[10.09.14 12:47:11] SUCCESS [DEV]KeeN[268490556] admin_sreload all
[10.09.14 12:47:48] SUCCESS [DEV]KeeN[268490556] admin_admin
[10.09.14 12:47:55] SUCCESS [DEV]KeeN[268490556] admin_create_item 33773 1
[10.09.14 12:49:45] SUCCESS [DEV]KeeN[268490556] admin_server_restart 10
[10.09.14 12:52:21] SUCCESS [DEV]KeeN[268490556] admin_admin
[10.09.14 12:52:25] SUCCESS [DEV]KeeN[268490556] admin_create_item 33773
[10.09.14 13:00:52] SUCCESS [DEV]KeeN[268490556] -> 30868 Sir Eric Rodemai admin_admin
[10.09.14 13:00:53] SUCCESS [DEV]KeeN[268490556] -> 30868 Sir Eric Rodemai admin_show_moves
[10.09.14 13:00:59] SUCCESS [DEV]KeeN[268490556] admin_tonpc 25524
[10.09.14 13:02:57] SUCCESS [DEV]KeeN[268490556] -> 25525 Flame Spirit admin_server_restart 10
[10.09.14 13:04:52] SUCCESS [DEV]KeeN[268490556] -> 30868 Sir Eric Rodemai admin_admin
[10.09.14 13:04:53] SUCCESS [DEV]KeeN[268490556] -> 30868 Sir Eric Rodemai admin_show_moves
[10.09.14 13:04:59] SUCCESS [DEV]KeeN[268490556] admin_tonpc 25524
[10.09.14 13:05:44] SUCCESS [DEV]KeeN[268490556] -> [DEV]KeeN[268490556] admin_summon 1025524 1
[10.09.14 13:06:05] SUCCESS [DEV]KeeN[268490556] -> [DEV]KeeN[268490556] admin_admin
[10.09.14 13:06:09] SUCCESS [DEV]KeeN[268490556] -> [DEV]KeeN[268490556] admin_enchant
[10.09.14 13:06:17] SUCCESS [DEV]KeeN[268490556] -> [DEV]KeeN[268490556] admin_setew 500
[10.09.14 13:07:15] SUCCESS [DEV]KeeN[268490556] -> 25524 Flamestone Giant admin_admin
[10.09.14 13:07:20] SUCCESS [DEV]KeeN[268490556] -> 25524 Flamestone Giant admin_kill
[10.09.14 13:17:43] SUCCESS [DEV]KeeN[268490556] -> 30868 Sir Eric Rodemai admin_reload
[10.09.14 13:17:48] SUCCESS [DEV]KeeN[268490556] -> 30868 Sir Eric Rodemai admin_reload_htm
[10.09.14 13:20:51] SUCCESS [DEV]KeeN[268490556] admin_admin
[10.09.14 13:20:53] SUCCESS [DEV]KeeN[268490556] admin_server admserver.htm
[10.09.14 13:20:53] SUCCESS [DEV]KeeN[268490556] admin_show_html scripts.htm
[10.09.14 13:21:01] SUCCESS [DEV]KeeN[268490556] admin_sreload all
[10.09.14 13:30:10] SUCCESS [DEV]KeeN[268490556] admin_server_restart 10
[10.09.14 13:32:08] SUCCESS [DEV]KeeN[268490556] admin_admin
[10.09.14 13:32:22] SUCCESS [DEV]KeeN[268490556] admin_summon 1025524 1
[10.09.14 13:35:43] SUCCESS [DEV]KeeN[268490556] -> 30868 Sir Eric Rodemai admin_admin
[10.09.14 13:35:47] SUCCESS [DEV]KeeN[268490556] -> 30868 Sir Eric Rodemai admin_create_item 8494 5
[10.09.14 13:46:57] SUCCESS [DEV]KeeN[268490556] -> 30868 Sir Eric Rodemai admin_admin
[10.09.14 13:46:59] SUCCESS [DEV]KeeN[268490556] -> 30868 Sir Eric Rodemai admin_gmshop
[10.09.14 13:47:00] SUCCESS [DEV]KeeN[268490556] -> 30868 Sir Eric Rodemai admin_server admserver.htm
[10.09.14 13:47:00] SUCCESS [DEV]KeeN[268490556] -> 30868 Sir Eric Rodemai admin_show_html reload.htm
[10.09.14 13:47:06] SUCCESS [DEV]KeeN[268490556] -> 30868 Sir Eric Rodemai admin_reload_htm
[10.09.14 13:49:08] SUCCESS [DEV]KeeN[268490556] -> 30868 Sir Eric Rodemai admin_server_restart 10
[10.09.14 13:50:57] SUCCESS [DEV]KeeN[268490556] admin_spawn 25524
[10.09.14 14:00:33] FAIL    [DEV]KeeN[268490556] -> 30868 Sir Eric Rodemai admin_summon 14559 1
[10.09.14 14:00:39] SUCCESS [DEV]KeeN[268490556] -> [DEV]KeeN[268490556] admin_summon 14559 1
[10.09.14 15:05:05] SUCCESS [DEV]KeeN[268490556] -> 30868 Sir Eric Rodemai admin_admin
[10.09.14 15:05:13] SUCCESS [DEV]KeeN[268490556] -> 30868 Sir Eric Rodemai admin_create_item 8494 2
[10.09.14 15:06:25] SUCCESS [DEV]KeeN[268490556] -> 25526 Charged Spirit admin_admin
[10.09.14 15:06:27] SUCCESS [DEV]KeeN[268490556] -> 25526 Charged Spirit admin_kill
[10.09.14 15:06:29] SUCCESS [DEV]KeeN[268490556] -> 25525 Flame Spirit admin_admin
[10.09.14 15:06:32] SUCCESS [DEV]KeeN[268490556] -> 25525 Flame Spirit admin_kill
[10.09.14 15:06:35] SUCCESS [DEV]KeeN[268490556] -> 25525 Flame Spirit admin_admin
[10.09.14 15:06:37] SUCCESS [DEV]KeeN[268490556] -> 25525 Flame Spirit admin_kill
[10.09.14 15:06:38] SUCCESS [DEV]KeeN[268490556] -> 25526 Charged Spirit admin_admin
[10.09.14 15:06:40] SUCCESS [DEV]KeeN[268490556] -> 25526 Charged Spirit admin_kill
[10.09.14 15:06:44] SUCCESS [DEV]KeeN[268490556] -> 25526 Charged Spirit admin_admin
[10.09.14 15:06:48] SUCCESS [DEV]KeeN[268490556] admin_show_html itemcreation.htm
[10.09.14 15:07:33] SUCCESS [DEV]KeeN[268490556] -> 25524 Flamestone Giant admin_admin
[10.09.14 15:07:40] SUCCESS [DEV]KeeN[268490556] admin_create_item 8494 2
[10.09.14 15:08:05] SUCCESS [DEV]KeeN[268490556] -> 30868 Sir Eric Rodemai admin_admin
[10.09.14 15:08:10] SUCCESS [DEV]KeeN[268490556] -> 30868 Sir Eric Rodemai admin_create_item 8494
[10.09.14 15:29:35] SUCCESS [DEV]KeeN[268490556] -> 30868 Sir Eric Rodemai admin_server_restart 10
[10.09.14 15:32:10] SUCCESS [DEV]KeeN[268490556] admin_delete
[10.09.14 15:32:33] SUCCESS [DEV]KeeN[268490556] -> 30868 Sir Eric Rodemai admin_admin
[10.09.14 15:32:37] SUCCESS [DEV]KeeN[268490556] -> 30868 Sir Eric Rodemai admin_create_item 8494 1
[10.09.14 15:41:52] SUCCESS [DEV]KeeN[268490556] -> 30868 Sir Eric Rodemai admin_admin
[10.09.14 15:41:55] SUCCESS [DEV]KeeN[268490556] -> 30868 Sir Eric Rodemai admin_create_item 8277
[10.09.14 15:43:18] SUCCESS [DEV]KeeN[268490556] -> 30868 Sir Eric Rodemai admin_admin
[10.09.14 15:43:22] SUCCESS [DEV]KeeN[268490556] -> 30868 Sir Eric Rodemai admin_show_moves
[10.09.14 15:43:41] SUCCESS [DEV]KeeN[268490556] admin_tonpc 25252
[10.09.14 15:47:05] SUCCESS [DEV]KeeN[268490556] admin_admin
[10.09.14 15:47:07] SUCCESS [DEV]KeeN[268490556] admin_server admserver.htm
[10.09.14 15:47:09] SUCCESS [DEV]KeeN[268490556] admin_show_html reload.htm
[10.09.14 15:47:15] SUCCESS [DEV]KeeN[268490556] admin_reload_htm
[10.09.14 15:47:17] SUCCESS [DEV]KeeN[268490556] admin_admin
[10.09.14 15:49:21] SUCCESS [DEV]KeeN[268490556] -> 30868 Sir Eric Rodemai admin_admin
[10.09.14 15:49:22] SUCCESS [DEV]KeeN[268490556] -> 30868 Sir Eric Rodemai admin_server admserver.htm
[10.09.14 15:49:23] SUCCESS [DEV]KeeN[268490556] -> 30868 Sir Eric Rodemai admin_show_html reload.htm
[10.09.14 15:49:28] SUCCESS [DEV]KeeN[268490556] -> 30868 Sir Eric Rodemai admin_reload_htm
[10.09.14 15:49:58] SUCCESS [DEV]KeeN[268490556] -> 30868 Sir Eric Rodemai admin_admin
[10.09.14 15:49:59] SUCCESS [DEV]KeeN[268490556] -> 30868 Sir Eric Rodemai admin_server admserver.htm
[10.09.14 15:50:00] SUCCESS [DEV]KeeN[268490556] -> 30868 Sir Eric Rodemai admin_show_html reload.htm
[10.09.14 15:50:05] SUCCESS [DEV]KeeN[268490556] -> 30868 Sir Eric Rodemai admin_reload_htm
[10.09.14 15:54:22] SUCCESS [DEV]KeeN[268490556] -> 30868 Sir Eric Rodemai admin_admin
[10.09.14 15:54:23] SUCCESS [DEV]KeeN[268490556] -> 30868 Sir Eric Rodemai admin_gmshop
[10.09.14 15:54:25] SUCCESS [DEV]KeeN[268490556] -> 30868 Sir Eric Rodemai admin_server admserver.htm
[10.09.14 15:54:26] SUCCESS [DEV]KeeN[268490556] -> 30868 Sir Eric Rodemai admin_show_html reload.htm
[10.09.14 15:54:31] SUCCESS [DEV]KeeN[268490556] -> 30868 Sir Eric Rodemai admin_reload_htm
[10.09.14 16:04:24] SUCCESS [DEV]KeeN[268490556] -> 30868 Sir Eric Rodemai admin_admin
[10.09.14 16:04:25] SUCCESS [DEV]KeeN[268490556] -> 30868 Sir Eric Rodemai admin_server admserver.htm
[10.09.14 16:04:28] SUCCESS [DEV]KeeN[268490556] -> 30868 Sir Eric Rodemai admin_show_html reload.htm
[10.09.14 16:04:33] SUCCESS [DEV]KeeN[268490556] -> 30868 Sir Eric Rodemai admin_reload_htm
[10.09.14 16:06:31] SUCCESS [DEV]KeeN[268490556] -> 30868 Sir Eric Rodemai admin_admin
[10.09.14 16:06:32] SUCCESS [DEV]KeeN[268490556] -> 30868 Sir Eric Rodemai admin_server admserver.htm
[10.09.14 16:06:33] SUCCESS [DEV]KeeN[268490556] -> 30868 Sir Eric Rodemai admin_show_html reload.htm
[10.09.14 16:06:38] SUCCESS [DEV]KeeN[268490556] -> 30868 Sir Eric Rodemai admin_reload_htm
[10.09.14 16:08:12] SUCCESS [DEV]KeeN[268490556] -> 30868 Sir Eric Rodemai admin_admin
[10.09.14 16:08:13] SUCCESS [DEV]KeeN[268490556] -> 30868 Sir Eric Rodemai admin_show_moves
[10.09.14 16:08:18] SUCCESS [DEV]KeeN[268490556] -> 30868 Sir Eric Rodemai admin_tele
[10.09.14 16:08:24] SUCCESS [DEV]KeeN[268490556] -> 30868 Sir Eric Rodemai admin_admin
[10.09.14 16:08:25] SUCCESS [DEV]KeeN[268490556] -> 30868 Sir Eric Rodemai admin_show_moves
[10.09.14 16:08:52] SUCCESS [DEV]KeeN[268490556] admin_tonpc 25478
[10.09.14 16:15:49] SUCCESS [DEV]KeeN[268490556] admin_admin
[10.09.14 16:15:51] SUCCESS [DEV]KeeN[268490556] admin_show_moves
[10.09.14 16:15:57] SUCCESS [DEV]KeeN[268490556] admin_tonpc 25255
[10.09.14 16:17:36] SUCCESS [DEV]KeeN[268490556] admin_admin
[10.09.14 16:17:39] SUCCESS [DEV]KeeN[268490556] admin_create_item 8280
[10.09.14 16:20:45] SUCCESS [DEV]KeeN[268490556] admin_admin
[10.09.14 16:20:46] SUCCESS [DEV]KeeN[268490556] admin_show_moves
[10.09.14 16:20:50] SUCCESS [DEV]KeeN[268490556] admin_tonpc 25245
[10.09.14 16:22:50] SUCCESS [DEV]KeeN[268490556] admin_admin
[10.09.14 16:22:54] SUCCESS [DEV]KeeN[268490556] admin_create_item 8281 1
[10.09.14 16:25:48] SUCCESS [DEV]KeeN[268490556] admin_admin
[10.09.14 16:25:50] SUCCESS [DEV]KeeN[268490556] admin_show_moves
[10.09.14 16:25:55] SUCCESS [DEV]KeeN[268490556] admin_tonpc 20051
[10.09.14 16:26:04] SUCCESS [DEV]KeeN[268490556] admin_admin
[10.09.14 16:26:07] SUCCESS [DEV]KeeN[268490556] admin_show_moves
[10.09.14 16:26:26] SUCCESS [DEV]KeeN[268490556] admin_tonpc 25021
[10.09.14 16:26:47] SUCCESS [DEV]KeeN[268490556] -> 25020 Breka Warlock Pastu admin_admin
[10.09.14 16:26:48] SUCCESS [DEV]KeeN[268490556] -> 25020 Breka Warlock Pastu admin_show_moves
[10.09.14 16:26:52] SUCCESS [DEV]KeeN[268490556] admin_tonpc 25051
[10.09.14 16:28:48] SUCCESS [DEV]KeeN[268490556] admin_admin
[10.09.14 16:28:53] SUCCESS [DEV]KeeN[268490556] admin_create_item 8282 z
[10.09.14 16:28:58] SUCCESS [DEV]KeeN[268490556] admin_create_item 8282 1
[10.09.14 16:30:38] SUCCESS [DEV]KeeN[268490556] admin_admin
[10.09.14 16:30:39] SUCCESS [DEV]KeeN[268490556] admin_show_moves
[10.09.14 16:30:43] SUCCESS [DEV]KeeN[268490556] admin_tonpc 25524
[10.09.14 16:33:06] SUCCESS [DEV]KeeN[268490556] -> 25524 Flamestone Giant admin_admin
[10.09.14 16:33:11] SUCCESS [DEV]KeeN[268490556] -> 25524 Flamestone Giant admin_create_item 8494 1
[10.09.14 16:37:20] SUCCESS [DEV]KeeN[268490556] -> 25524 Flamestone Giant admin_server admserver.htm
[10.09.14 16:37:23] SUCCESS [DEV]KeeN[268490556] -> 25524 Flamestone Giant admin_show_html reload.htm
[10.09.14 16:37:31] SUCCESS [DEV]KeeN[268490556] -> 25524 Flamestone Giant admin_reload_htm
[10.09.14 16:37:32] SUCCESS [DEV]KeeN[268490556] -> 25524 Flamestone Giant admin_admin
[10.09.14 16:39:20] SUCCESS [DEV]KeeN[268490556] -> 30868 Sir Eric Rodemai admin_admin
[10.09.14 16:39:21] SUCCESS [DEV]KeeN[268490556] -> 30868 Sir Eric Rodemai admin_server admserver.htm
[10.09.14 16:39:22] SUCCESS [DEV]KeeN[268490556] -> 30868 Sir Eric Rodemai admin_show_html reload.htm
[10.09.14 16:39:27] SUCCESS [DEV]KeeN[268490556] -> 30868 Sir Eric Rodemai admin_reload_htm
[10.09.14 16:40:50] SUCCESS [DEV]KeeN[268490556] -> 30868 Sir Eric Rodemai admin_admin
[10.09.14 16:40:54] SUCCESS [DEV]KeeN[268490556] -> 30868 Sir Eric Rodemai admin_create_item 14883
[10.09.14 16:41:48] SUCCESS [DEV]KeeN[268490556] -> 30868 Sir Eric Rodemai admin_create_item 8277 1
[10.09.14 16:43:42] SUCCESS [DEV]KeeN[268490556] -> 30868 Sir Eric Rodemai admin_admin
[10.09.14 16:43:43] SUCCESS [DEV]KeeN[268490556] -> 30868 Sir Eric Rodemai admin_server admserver.htm
[10.09.14 16:43:44] SUCCESS [DEV]KeeN[268490556] -> 30868 Sir Eric Rodemai admin_show_html reload.htm
[10.09.14 16:43:49] SUCCESS [DEV]KeeN[268490556] -> 30868 Sir Eric Rodemai admin_reload_htm
[10.09.14 16:57:29] SUCCESS [DEV]KeeN[268490556] -> 30868 Sir Eric Rodemai admin_server_restart 10
[10.09.14 16:59:51] SUCCESS [DEV]KeeN[268490556] -> 30868 Sir Eric Rodemai admin_admin
[10.09.14 16:59:55] SUCCESS [DEV]KeeN[268490556] -> 30868 Sir Eric Rodemai admin_create_item 8494
[10.09.14 17:00:55] SUCCESS [DEV]KeeN[268490556] -> 30868 Sir Eric Rodemai admin_admin
[10.09.14 17:00:56] SUCCESS [DEV]KeeN[268490556] -> 30868 Sir Eric Rodemai admin_server admserver.htm
[10.09.14 17:01:01] SUCCESS [DEV]KeeN[268490556] -> 30868 Sir Eric Rodemai admin_server admserver.htm
[10.09.14 17:01:02] SUCCESS [DEV]KeeN[268490556] -> 30868 Sir Eric Rodemai admin_show_html reload.htm
[10.09.14 17:01:07] SUCCESS [DEV]KeeN[268490556] -> 30868 Sir Eric Rodemai admin_reload_htm
[10.09.14 17:04:46] SUCCESS [DEV]KeeN[268490556] -> 30868 Sir Eric Rodemai admin_admin
[10.09.14 17:04:48] SUCCESS [DEV]KeeN[268490556] -> 30868 Sir Eric Rodemai admin_server admserver.htm
[10.09.14 17:04:49] SUCCESS [DEV]KeeN[268490556] -> 30868 Sir Eric Rodemai admin_show_html reload.htm
[10.09.14 17:04:54] SUCCESS [DEV]KeeN[268490556] -> 30868 Sir Eric Rodemai admin_reload_htm
[10.09.14 17:05:04] SUCCESS [DEV]KeeN[268490556] -> 30868 Sir Eric Rodemai admin_admin
[10.09.14 17:05:14] SUCCESS [DEV]KeeN[268490556] -> 30868 Sir Eric Rodemai admin_create_item 8494 1
[10.09.14 17:07:16] SUCCESS [DEV]KeeN[268490556] -> 30868 Sir Eric Rodemai admin_server_restart 10
[10.09.14 17:50:42] SUCCESS [DEV]KeeN[268490556] -> 30868 Sir Eric Rodemai admin_vis
[10.09.14 18:07:11] SUCCESS [DEV]KeeN[268490556] admin_summon 1033405 1
[10.09.14 18:07:44] SUCCESS [DEV]KeeN[268490556] -> [Door 25180001] admin_admin
[10.09.14 18:07:48] SUCCESS [DEV]KeeN[268490556] -> [Door 25180001] admin_open
[10.09.14 18:09:50] SUCCESS [DEV]KeeN[268490556] admin_gmspeed 4
[10.09.14 18:13:10] SUCCESS [DEV]KeeN[268490556] admin_instant_move
[10.09.14 18:13:35] SUCCESS [DEV]KeeN[268490556] admin_summon 1023284 1
[10.09.14 18:13:40] SUCCESS [DEV]KeeN[268490556] -> [DEV]KeeN[268490556] admin_summon 1023284 1
[10.09.14 18:13:41] SUCCESS [DEV]KeeN[268490556] -> [DEV]KeeN[268490556] admin_summon 1022195 1
[10.09.14 18:13:52] SUCCESS [DEV]KeeN[268490556] -> [DEV]KeeN[268490556] admin_summon 1018156 1
[10.09.14 18:13:55] SUCCESS [DEV]KeeN[268490556] -> [DEV]KeeN[268490556] admin_summon 1019142 1
[10.09.14 18:14:05] SUCCESS [DEV]KeeN[268490556] -> [DEV]KeeN[268490556] admin_summon 1019142 1
[10.09.14 18:14:07] SUCCESS [DEV]KeeN[268490556] -> [DEV]KeeN[268490556] admin_summon 1018316 1
[10.09.14 18:15:39] SUCCESS [DEV]KeeN[268490556] -> 32798 Elcadia admin_admin
[10.09.14 18:15:42] SUCCESS [DEV]KeeN[268490556] admin_delete
[10.09.14 18:19:26] SUCCESS [DEV]KeeN[268490556] -> 32798 Elcadia admin_admin
[10.09.14 18:19:28] SUCCESS [DEV]KeeN[268490556] -> 32798 Elcadia admin_server admserver.htm
[10.09.14 18:19:29] SUCCESS [DEV]KeeN[268490556] -> 32798 Elcadia admin_show_html reload.htm
[10.09.14 18:19:34] SUCCESS [DEV]KeeN[268490556] -> 32798 Elcadia admin_reload_htm
[10.09.14 18:22:18] SUCCESS [DEV]KeeN[268490556] -> [DEV]KeeN[268490556] admin_admin
[10.09.14 18:22:19] SUCCESS [DEV]KeeN[268490556] -> [DEV]KeeN[268490556] admin_server admserver.htm
[10.09.14 18:22:20] SUCCESS [DEV]KeeN[268490556] -> [DEV]KeeN[268490556] admin_show_html scripts.htm
[10.09.14 18:22:24] SUCCESS [DEV]KeeN[268490556] -> [DEV]KeeN[268490556] admin_sreload all
[10.09.14 18:22:37] SUCCESS [DEV]KeeN[268490556] -> 32798 Elcadia admin_vis
[10.09.14 18:23:55] SUCCESS [DEV]KeeN[268490556] -> 32798 Elcadia admin_admin
[10.09.14 18:23:56] SUCCESS [DEV]KeeN[268490556] -> 32798 Elcadia admin_server admserver.htm
[10.09.14 18:23:56] SUCCESS [DEV]KeeN[268490556] -> 32798 Elcadia admin_show_html reload.htm
[10.09.14 18:24:01] SUCCESS [DEV]KeeN[268490556] -> 32798 Elcadia admin_reload_htm
[10.09.14 18:25:07] SUCCESS [DEV]KeeN[268490556] -> 32798 Elcadia admin_server_restart 10
[10.09.14 18:28:42] SUCCESS [DEV]KeeN[268490556] -> 29218 Валлок admin_kill
[10.09.14 18:31:01] SUCCESS [DEV]KeeN[268490556] admin_instant_move
[10.09.14 18:31:12] SUCCESS [DEV]KeeN[268490556] admin_instant_move
[10.09.14 18:31:21] SUCCESS [DEV]KeeN[268490556] admin_instant_move
[10.09.14 18:31:25] SUCCESS [DEV]KeeN[268490556] admin_instant_move
[10.09.14 18:31:28] SUCCESS [DEV]KeeN[268490556] admin_instant_move
[10.09.14 18:31:35] SUCCESS [DEV]KeeN[268490556] admin_instant_move
[10.09.14 18:31:39] SUCCESS [DEV]KeeN[268490556] admin_instant_move
[10.09.14 18:31:43] SUCCESS [DEV]KeeN[268490556] admin_instant_move
[10.09.14 18:31:48] SUCCESS [DEV]KeeN[268490556] admin_instant_move
[10.09.14 18:31:55] SUCCESS [DEV]KeeN[268490556] admin_instant_move
[10.09.14 18:32:05] SUCCESS [DEV]KeeN[268490556] admin_instant_move
[10.09.14 18:32:10] SUCCESS [DEV]KeeN[268490556] admin_instant_move
[10.09.14 18:32:25] SUCCESS [DEV]KeeN[268490556] admin_instant_move
[10.09.14 18:32:29] SUCCESS [DEV]KeeN[268490556] admin_instant_move
[10.09.14 18:33:13] SUCCESS [DEV]KeeN[268490556] admin_instant_move
[10.09.14 18:33:21] SUCCESS [DEV]KeeN[268490556] admin_instant_move
[10.09.14 18:43:17] SUCCESS [DEV]KeeN[268490556] admin_spawn 33405
[10.09.14 19:00:03] SUCCESS [DEV]KeeN[268490556] admin_admin
[10.09.14 19:00:05] SUCCESS [DEV]KeeN[268490556] admin_loc
[10.09.14 19:02:36] SUCCESS [DEV]KeeN[268490556] admin_reload
[10.09.14 19:02:42] SUCCESS [DEV]KeeN[268490556] admin_reload_htm
[10.09.14 19:02:45] SUCCESS [DEV]KeeN[268490556] admin_server admserver.htm
[10.09.14 19:02:46] SUCCESS [DEV]KeeN[268490556] admin_server_shutdown
[10.09.14 19:02:48] SUCCESS [DEV]KeeN[268490556] admin_server_restart 10
[10.09.14 19:19:59] SUCCESS [DEV]KeeN[268490556] admin_admin
[10.09.14 19:20:00] SUCCESS [DEV]KeeN[268490556] admin_server admserver.htm
[10.09.14 19:20:01] SUCCESS [DEV]KeeN[268490556] admin_server_shutdown
[10.09.14 19:20:04] SUCCESS [DEV]KeeN[268490556] admin_server_restart 10
[10.09.14 19:24:44] SUCCESS [DEV]KeeN[268490556] -> 32798 Elcadia admin_admin
[10.09.14 19:24:45] SUCCESS [DEV]KeeN[268490556] -> 32798 Elcadia admin_server admserver.htm
[10.09.14 19:24:46] SUCCESS [DEV]KeeN[268490556] -> 32798 Elcadia admin_show_html reload.htm
[10.09.14 19:24:51] SUCCESS [DEV]KeeN[268490556] -> 32798 Elcadia admin_reload_htm
[10.09.14 21:56:31] SUCCESS [DEV]KeeN[268490556] -> 33405 Каменный Портал admin_reload
[10.09.14 21:56:37] SUCCESS [DEV]KeeN[268490556] -> 33405 Каменный Портал admin_reload_htm
[10.09.14 21:58:32] SUCCESS [DEV]KeeN[268490556] -> 32798 Elcadia admin_server_restart 10
[10.09.14 22:07:54] SUCCESS [DEV]KeeN[268490556] -> 32798 Elcadia admin_admin
[10.09.14 22:07:59] SUCCESS [DEV]KeeN[268490556] -> 32798 Elcadia admin_kick
[10.09.14 22:08:00] SUCCESS [DEV]KeeN[268490556] -> 32798 Elcadia admin_admin
[10.09.14 22:08:04] SUCCESS [DEV]KeeN[268490556] -> 32798 Elcadia admin_invis
[10.09.14 22:08:38] SUCCESS [DEV]KeeN[268490556] -> 32798 Elcadia admin_server_restart 10
[10.09.14 22:11:07] SUCCESS [DEV]KeeN[268490556] -> 33405 Каменный Портал admin_admin
[10.09.14 22:11:08] SUCCESS [DEV]KeeN[268490556] -> 33405 Каменный Портал admin_invis
[10.09.14 22:11:22] SUCCESS [DEV]KeeN[268490556] -> 32798 Elcadia admin_admin
[10.09.14 22:11:24] SUCCESS [DEV]KeeN[268490556] -> 32798 Elcadia admin_gmshop
[10.09.14 22:11:25] SUCCESS [DEV]KeeN[268490556] -> 32798 Elcadia admin_show_html gmstore/gear/weapons.htm
[10.09.14 22:11:27] SUCCESS [DEV]KeeN[268490556] -> 32798 Elcadia admin_show_html gmstore/gear/weapons/Boss.htm
[10.09.14 22:11:31] SUCCESS [DEV]KeeN[268490556] -> 32798 Elcadia admin_buy 11058
[10.09.14 22:12:18] SUCCESS [DEV]KeeN[268490556] -> 32798 Elcadia admin_server_restart 10
[10.09.14 22:13:42] SUCCESS [DEV]KeeN[268490556] -> 33405 Каменный Портал admin_admin
[10.09.14 22:13:45] SUCCESS [DEV]KeeN[268490556] -> 33405 Каменный Портал admin_invis
[10.09.14 22:19:27] SUCCESS [DEV]KeeN[268490556] -> [Door 25180001] admin_instant_move
[10.09.14 22:19:36] SUCCESS [DEV]KeeN[268490556] admin_instant_move
[10.09.14 22:19:55] SUCCESS [DEV]KeeN[268490556] admin_admin
[10.09.14 22:19:59] SUCCESS [DEV]KeeN[268490556] admin_gmshop
[10.09.14 22:20:01] SUCCESS [DEV]KeeN[268490556] admin_show_html gmstore/consumables.htm
[10.09.14 22:20:03] SUCCESS [DEV]KeeN[268490556] admin_buy 9979
[11.09.14 10:39:34] SUCCESS [DEV]KeeN[268490556] admin_vis
[11.09.14 10:46:43] SUCCESS [DEV]KeeN[268490556] admin_summon 1032024 1
